2025-07-12 09:04:30,209 - INFO - ダウンロード開始
2025-07-12 09:04:30,232 - INFO - 総ファイル数: 787
2025-07-12 09:04:30,232 - INFO - ダウンロード中 (1/787): 高崎翔太.jpg
2025-07-12 09:04:30,422 - INFO - 保存完了: public/images/高崎翔太.jpg
2025-07-12 09:04:31,424 - INFO - スキップ (2/787): Getabako_psychedelic_computer_japanese_fall_mountain_332d2496-47a9-474f-9b0a-49ee997fc760.png (既存)
2025-07-12 09:04:31,425 - INFO - ダウンロード中 (3/787): ①.png
2025-07-12 09:04:31,687 - INFO - 保存完了: public/images/①.png
2025-07-12 09:04:32,692 - INFO - ダウンロード中 (4/787): ②.png
2025-07-12 09:04:33,499 - INFO - 保存完了: public/images/②.png
2025-07-12 09:04:34,503 - INFO - ダウンロード中 (5/787): ③.png
2025-07-12 09:04:34,729 - INFO - 保存完了: public/images/③.png
2025-07-12 09:04:35,730 - INFO - ダウンロード中 (6/787): ④.png
2025-07-12 09:04:36,006 - INFO - 保存完了: public/images/④.png
2025-07-12 09:04:37,009 - INFO - スキップ (7/787): abdulk0_astronaut_surfing_the_clouds_8k_render_cinematic_31b83126-5fb6-4946-8b9e-02989956bb7c.png (既存)
2025-07-12 09:04:37,010 - INFO - スキップ (8/787): logo.png (既存)
2025-07-12 09:04:37,010 - INFO - スキップ (9/787): iflogo.png (既存)
2025-07-12 09:04:37,010 - INFO - スキップ (10/787): Minecarft-Logo.png (既存)
2025-07-12 09:04:37,010 - INFO - スキップ (11/787): Unity-Logo.png (既存)
2025-07-12 09:04:37,010 - INFO - スキップ (12/787): Unity-Logo-New.png (既存)
2025-07-12 09:04:37,010 - INFO - スキップ (13/787): Java-tm-Logo.jpg (既存)
2025-07-12 09:04:37,010 - INFO - スキップ (14/787): wordpress-logo-scaled.jpg (既存)
2025-07-12 09:04:37,011 - INFO - スキップ (15/787): Adobe-Premiere-Pro-logo.png (既存)
2025-07-12 09:04:37,011 - INFO - スキップ (16/787): DaVinci_Resolve_17_logo.png.png (既存)
2025-07-12 09:04:37,011 - INFO - スキップ (17/787): Gimp_Logo_new.png (既存)
2025-07-12 09:04:37,011 - INFO - スキップ (18/787): PhotoScape-X-logo.jpg (既存)
2025-07-12 09:04:37,011 - INFO - スキップ (19/787): Adobe-Photoshop-Logo.png (既存)
2025-07-12 09:04:37,011 - INFO - スキップ (20/787): Adobe-Substance-3D-Logo.jpg (既存)
2025-07-12 09:04:37,011 - INFO - スキップ (21/787): Blender_logo.webp (既存)
2025-07-12 09:04:37,011 - INFO - スキップ (22/787): JavaScript-Logo.png (既存)
2025-07-12 09:04:37,011 - INFO - ダウンロード中 (23/787): 開業届.webp
2025-07-12 09:04:37,221 - INFO - 保存完了: public/images/開業届.webp
2025-07-12 09:04:38,224 - INFO - スキップ (24/787): Java-Logo.png (既存)
2025-07-12 09:04:38,225 - INFO - スキップ (25/787): Unity-Logo-1.png (既存)
2025-07-12 09:04:38,226 - INFO - スキップ (26/787): WordPress-Logo-New.png (既存)
2025-07-12 09:04:38,226 - INFO - スキップ (27/787): Adobe_Illustrator_Logo.png (既存)
2025-07-12 09:04:38,226 - INFO - スキップ (28/787): Adobe-Photoshop-Logo-1.png (既存)
2025-07-12 09:04:38,226 - INFO - スキップ (29/787): clip-studio-paint-logo.webp (既存)
2025-07-12 09:04:38,228 - INFO - スキップ (30/787): JavaScript-Logo1.0.jpg (既存)
2025-07-12 09:04:38,228 - INFO - スキップ (31/787): Scratchlogo.svg_.png (既存)
2025-07-12 09:04:38,228 - INFO - スキップ (32/787): opening-notification2-640x336-1.png (既存)
2025-07-12 09:04:38,229 - INFO - スキップ (33/787): dowahatyouwant.png (既存)
2025-07-12 09:04:38,229 - INFO - スキップ (34/787): dowahatyouwant-1.png (既存)
2025-07-12 09:04:38,229 - INFO - スキップ (35/787): dowahatyouwant-2.png (既存)
2025-07-12 09:04:38,229 - INFO - スキップ (36/787): dowahatyouwant-3.png (既存)
2025-07-12 09:04:38,229 - INFO - スキップ (37/787): img_product.png (既存)
2025-07-12 09:04:38,229 - INFO - スキップ (38/787): The_GIMP_icon_-_gnome.svg_.png (既存)
2025-07-12 09:04:38,229 - INFO - スキップ (39/787): JavaScript-Logo1.0.png (既存)
2025-07-12 09:04:38,229 - INFO - スキップ (40/787): iflogo-1.png (既存)
2025-07-12 09:04:38,229 - INFO - スキップ (41/787): cropped-iflogo-1.png (既存)
2025-07-12 09:04:38,229 - INFO - ダウンロード中 (42/787): 名称未設定のデザイン.png
2025-07-12 09:04:38,410 - INFO - 保存完了: public/images/名称未設定のデザイン.png
2025-07-12 09:04:39,415 - INFO - ダウンロード中 (43/787): 名称未設定のデザイン-1.png
2025-07-12 09:04:39,580 - INFO - 保存完了: public/images/名称未設定のデザイン-1.png
2025-07-12 09:04:40,583 - INFO - スキップ (44/787): 89669.jpg (既存)
2025-07-12 09:04:40,583 - INFO - スキップ (45/787): minecraft_bedrock.jpg (既存)
2025-07-12 09:04:40,584 - INFO - スキップ (46/787): Download-Minecraft-Java-Edition.png (既存)
2025-07-12 09:04:40,584 - INFO - スキップ (47/787): if-juku.logo2_.png (既存)
2025-07-12 09:04:40,584 - INFO - スキップ (48/787): if-juku.logo_.png (既存)
2025-07-12 09:04:40,584 - INFO - スキップ (49/787): if-juku.logo3_.png (既存)
2025-07-12 09:04:40,584 - INFO - スキップ (50/787): if-juku.logo4_.png (既存)
2025-07-12 09:04:40,585 - INFO - スキップ (51/787): cropped-if-juku.logo4_.png (既存)
2025-07-12 09:04:40,585 - INFO - スキップ (52/787): image.png (既存)
2025-07-12 09:04:40,585 - INFO - スキップ (53/787): image-1.png (既存)
2025-07-12 09:04:40,585 - INFO - スキップ (54/787): image-2.png (既存)
2025-07-12 09:04:40,585 - INFO - スキップ (55/787): image-3.png (既存)
2025-07-12 09:04:40,585 - INFO - スキップ (56/787): image-4.png (既存)
2025-07-12 09:04:40,586 - INFO - スキップ (57/787): image-5.png (既存)
2025-07-12 09:04:40,586 - INFO - スキップ (58/787): image-6.png (既存)
2025-07-12 09:04:40,586 - INFO - スキップ (59/787): image-7.png (既存)
2025-07-12 09:04:40,586 - INFO - スキップ (60/787): 1.png (既存)
2025-07-12 09:04:40,586 - INFO - スキップ (61/787): 2.png (既存)
2025-07-12 09:04:40,586 - INFO - スキップ (62/787): 3.png (既存)
2025-07-12 09:04:40,586 - INFO - ダウンロード中 (63/787): if塾.png
2025-07-12 09:04:40,978 - INFO - 保存完了: public/images/if塾.png
2025-07-12 09:04:41,982 - INFO - スキップ (64/787): top.png (既存)
2025-07-12 09:04:41,982 - INFO - ダウンロード中 (65/787): 名称未設定のデザイン-3.png
2025-07-12 09:04:42,613 - INFO - 保存完了: public/images/名称未設定のデザイン-3.png
2025-07-12 09:04:43,617 - INFO - ダウンロード中 (66/787): Minecraft_-1.19.2-シングルプレイ-2023_03_13-15_08_44.png
2025-07-12 09:04:43,947 - INFO - 保存完了: public/images/Minecraft_-1.19.2-シングルプレイ-2023_03_13-15_08_44.png
2025-07-12 09:04:44,953 - INFO - ダウンロード中 (67/787): Minecraft_-1.19.2-シングルプレイ-2023_03_13-15_11_44.png
2025-07-12 09:04:45,318 - INFO - 保存完了: public/images/Minecraft_-1.19.2-シングルプレイ-2023_03_13-15_11_44.png
2025-07-12 09:04:46,322 - INFO - ダウンロード中 (68/787): Minecraft_-1.19.2-シングルプレイ-2023_03_13-15_13_21.png
2025-07-12 09:04:46,618 - INFO - 保存完了: public/images/Minecraft_-1.19.2-シングルプレイ-2023_03_13-15_13_21.png
2025-07-12 09:04:47,623 - INFO - ダウンロード中 (69/787): Minecraft_-1.19.2-シングルプレイ-2023_03_13-15_15_25.png
2025-07-12 09:04:47,934 - INFO - 保存完了: public/images/Minecraft_-1.19.2-シングルプレイ-2023_03_13-15_15_25.png
2025-07-12 09:04:48,938 - INFO - ダウンロード中 (70/787): Minecraft_-1.19.2-シングルプレイ-2023_03_13-15_19_42.png
2025-07-12 09:04:49,438 - INFO - 保存完了: public/images/Minecraft_-1.19.2-シングルプレイ-2023_03_13-15_19_42.png
2025-07-12 09:04:50,442 - INFO - ダウンロード中 (71/787): Minecraft-1.19.4-シングルプレイ-2023-03-19-09-52-46.mp4
2025-07-12 09:05:01,690 - INFO - 保存完了: public/videos/Minecraft-1.19.4-シングルプレイ-2023-03-19-09-52-46.mp4
2025-07-12 09:05:02,695 - INFO - ダウンロード中 (72/787): Minecraft-1.19.4-シングルプレイ-2023_03_19-9_47_41.png
2025-07-12 09:05:02,964 - INFO - 保存完了: public/images/Minecraft-1.19.4-シングルプレイ-2023_03_19-9_47_41.png
2025-07-12 09:05:03,969 - INFO - ダウンロード中 (73/787): Minecraft-1.19.4-シングルプレイ-2023_03_19-9_48_07.png
2025-07-12 09:05:04,331 - INFO - 保存完了: public/images/Minecraft-1.19.4-シングルプレイ-2023_03_19-9_48_07.png
2025-07-12 09:05:05,335 - INFO - ダウンロード中 (74/787): Minecraft-1.19.4-シングルプレイ-2023_03_19-9_59_02.png
2025-07-12 09:05:05,612 - INFO - 保存完了: public/images/Minecraft-1.19.4-シングルプレイ-2023_03_19-9_59_02.png
2025-07-12 09:05:06,617 - INFO - ダウンロード中 (75/787): Minecraft-1.19.4-シングルプレイ-2023-03-19-09-59-29.mp4
2025-07-12 09:05:09,014 - INFO - 保存完了: public/videos/Minecraft-1.19.4-シングルプレイ-2023-03-19-09-59-29.mp4
2025-07-12 09:05:10,017 - INFO - ダウンロード中 (76/787): Minecraft_-1.19.2-マルチプレイ（サードパーティーのサーバー）-2023-04-07-18-25-40.mp4
2025-07-12 09:05:12,447 - INFO - 保存完了: public/videos/Minecraft_-1.19.2-マルチプレイ（サードパーティーのサーバー）-2023-04-07-18-25-40.mp4
2025-07-12 09:05:13,452 - INFO - スキップ (77/787): Minecraft_-1.19.2-2023_04_13-17_14_00.png (既存)
2025-07-12 09:05:13,452 - INFO - スキップ (78/787): Minecraft_-1.19.2-2023_04_13-17_14_00-1.png (既存)
2025-07-12 09:05:13,452 - INFO - ダウンロード中 (79/787): スクリーンショット-2023-04-13-175602.png
2025-07-12 09:05:13,742 - INFO - 保存完了: public/images/スクリーンショット-2023-04-13-175602.png
2025-07-12 09:05:14,743 - INFO - ダウンロード中 (80/787): Minecraft_-1.19.2-マルチプレイ（サードパーティーのサーバー）-2023_04_16-14_40_01.png
2025-07-12 09:05:14,986 - INFO - 保存完了: public/images/Minecraft_-1.19.2-マルチプレイ（サードパーティーのサーバー）-2023_04_16-14_40_01.png
2025-07-12 09:05:15,988 - INFO - ダウンロード中 (81/787): Minecraft_-1.19.2-マルチプレイ（サードパーティーのサーバー）-2023_04_16-14_47_37.png
2025-07-12 09:05:16,228 - INFO - 保存完了: public/images/Minecraft_-1.19.2-マルチプレイ（サードパーティーのサーバー）-2023_04_16-14_47_37.png
2025-07-12 09:05:17,231 - INFO - ダウンロード中 (82/787): Minecraft_-1.19.2-マルチプレイ（サードパーティーのサーバー）-2023_04_16-14_46_12.png
2025-07-12 09:05:17,560 - INFO - 保存完了: public/images/Minecraft_-1.19.2-マルチプレイ（サードパーティーのサーバー）-2023_04_16-14_46_12.png
2025-07-12 09:05:18,565 - INFO - ダウンロード中 (83/787): Minecraft_-1.19.2-マルチプレイ（サードパーティーのサーバー）-2023-04-17-15-36-33.mp4
2025-07-12 09:05:24,803 - INFO - 保存完了: public/videos/Minecraft_-1.19.2-マルチプレイ（サードパーティーのサーバー）-2023-04-17-15-36-33.mp4
2025-07-12 09:05:25,804 - INFO - ダウンロード中 (84/787): Minecraft_-1.19.2-マルチプレイ（サードパーティーのサーバー）-2023-04-18-19-17-57.mp4
2025-07-12 09:05:38,114 - INFO - 保存完了: public/videos/Minecraft_-1.19.2-マルチプレイ（サードパーティーのサーバー）-2023-04-18-19-17-57.mp4
2025-07-12 09:05:39,118 - INFO - ダウンロード中 (85/787): Minecraft_-1.19.2-マルチプレイ（サードパーティーのサーバー）-2023-04-18-19-42-46.mp4
2025-07-12 09:05:52,227 - INFO - 保存完了: public/videos/Minecraft_-1.19.2-マルチプレイ（サードパーティーのサーバー）-2023-04-18-19-42-46.mp4
2025-07-12 09:05:53,233 - INFO - ダウンロード中 (86/787): Minecraft_-1.19.2-マルチプレイ（サードパーティーのサーバー）-2023-04-18-19-41-23.mp4
2025-07-12 09:06:03,976 - INFO - 保存完了: public/videos/Minecraft_-1.19.2-マルチプレイ（サードパーティーのサーバー）-2023-04-18-19-41-23.mp4
2025-07-12 09:06:04,976 - INFO - スキップ (87/787): image.png (既存)
2025-07-12 09:06:04,977 - INFO - ダウンロード中 (88/787): Minecraft_-1.19.2-マルチプレイ（サードパーティーのサーバー）-2023-05-09-19-10-46.mp4
2025-07-12 09:06:26,529 - INFO - 保存完了: public/videos/Minecraft_-1.19.2-マルチプレイ（サードパーティーのサーバー）-2023-05-09-19-10-46.mp4
2025-07-12 09:06:27,535 - INFO - ダウンロード中 (89/787): Minecraft_-1.19.2-マルチプレイ（サードパーティーのサーバー）-2023_05_09-火-19_12_54.png
2025-07-12 09:06:28,175 - INFO - 保存完了: public/images/Minecraft_-1.19.2-マルチプレイ（サードパーティーのサーバー）-2023_05_09-火-19_12_54.png
2025-07-12 09:06:29,178 - INFO - ダウンロード中 (90/787): スクリーンショット-2023-05-13-200609.png
2025-07-12 09:06:29,286 - INFO - 保存完了: public/images/スクリーンショット-2023-05-13-200609.png
2025-07-12 09:06:30,290 - INFO - スキップ (91/787): image-1.png (既存)
2025-07-12 09:06:30,290 - INFO - スキップ (92/787): image-2.png (既存)
2025-07-12 09:06:30,290 - INFO - スキップ (93/787): image-3.png (既存)
2025-07-12 09:06:30,290 - INFO - スキップ (94/787): image-4.png (既存)
2025-07-12 09:06:30,290 - INFO - スキップ (95/787): image-5.png (既存)
2025-07-12 09:06:30,290 - INFO - スキップ (96/787): image-6.png (既存)
2025-07-12 09:06:30,291 - INFO - スキップ (97/787): Base-Profile-2023.05.13-21.12.10.01.mp4 (既存)
2025-07-12 09:06:30,291 - INFO - ダウンロード中 (98/787): Minecraft_-1.19.2-マルチプレイ（サードパーティーのサーバー）-2023-05-19-19-22-05.mp4
2025-07-12 09:06:43,327 - INFO - 保存完了: public/videos/Minecraft_-1.19.2-マルチプレイ（サードパーティーのサーバー）-2023-05-19-19-22-05.mp4
2025-07-12 09:06:44,329 - INFO - スキップ (99/787): ifjukuposter.png (既存)
2025-07-12 09:06:44,329 - INFO - ダウンロード中 (100/787): Minecraft-1.20.1-シングルプレイ-2023-06-30-18-58-17.mp4
2025-07-12 09:07:09,762 - INFO - 保存完了: public/videos/Minecraft-1.20.1-シングルプレイ-2023-06-30-18-58-17.mp4
2025-07-12 09:07:10,768 - INFO - ダウンロード中 (101/787): Minecraft-1.20.1-シングルプレイ-2023-06-30-19-14-52.mp4
2025-07-12 09:07:20,419 - INFO - 保存完了: public/videos/Minecraft-1.20.1-シングルプレイ-2023-06-30-19-14-52.mp4
2025-07-12 09:07:21,423 - INFO - ダウンロード中 (102/787): Minecraft-1.20.1-シングルプレイ-2023-06-30-19-18-33.mp4
2025-07-12 09:07:46,287 - INFO - 保存完了: public/videos/Minecraft-1.20.1-シングルプレイ-2023-06-30-19-18-33.mp4
2025-07-12 09:07:47,293 - INFO - ダウンロード中 (103/787): Minecraft-1.20.1-シングルプレイ-2023-06-30-19-20-53.mp4
2025-07-12 09:08:25,998 - INFO - 保存完了: public/videos/Minecraft-1.20.1-シングルプレイ-2023-06-30-19-20-53.mp4
2025-07-12 09:08:27,004 - INFO - ダウンロード中 (104/787): Minecraft-1.20.1-シングルプレイ-2023-06-30-19-22-32.mp4
2025-07-12 09:08:34,462 - INFO - 保存完了: public/videos/Minecraft-1.20.1-シングルプレイ-2023-06-30-19-22-32.mp4
2025-07-12 09:08:35,467 - INFO - ダウンロード中 (105/787): Minecraft-1.20.1-シングルプレイ-2023-06-30-19-26-39.mp4
2025-07-12 09:08:36,791 - INFO - 保存完了: public/videos/Minecraft-1.20.1-シングルプレイ-2023-06-30-19-26-39.mp4
2025-07-12 09:08:37,796 - INFO - ダウンロード中 (106/787): Minecraft-1.20.1-シングルプレイ-2023-06-30-19-29-30.mp4
2025-07-12 09:08:44,767 - INFO - 保存完了: public/videos/Minecraft-1.20.1-シングルプレイ-2023-06-30-19-29-30.mp4
2025-07-12 09:08:45,771 - INFO - ダウンロード中 (107/787): Minecraft-1.20.1-シングルプレイ-2023-06-30-19-31-39.mp4
2025-07-12 09:08:47,710 - INFO - 保存完了: public/videos/Minecraft-1.20.1-シングルプレイ-2023-06-30-19-31-39.mp4
2025-07-12 09:08:48,713 - INFO - ダウンロード中 (108/787): Minecraft-1.20.1-シングルプレイ-2023-06-30-19-36-12.mp4
2025-07-12 09:08:56,732 - INFO - 保存完了: public/videos/Minecraft-1.20.1-シングルプレイ-2023-06-30-19-36-12.mp4
2025-07-12 09:08:57,737 - INFO - ダウンロード中 (109/787): Minecraft-1.20.1-シングルプレイ-2023-06-30-19-44-17.mp4
2025-07-12 09:09:13,007 - INFO - 保存完了: public/videos/Minecraft-1.20.1-シングルプレイ-2023-06-30-19-44-17.mp4
2025-07-12 09:09:14,012 - INFO - スキップ (110/787): 2023-07-02_17.09.25.png (既存)
2025-07-12 09:09:14,013 - INFO - スキップ (111/787): javaw_20230702_171812F.avi (既存)
2025-07-12 09:09:14,013 - INFO - スキップ (112/787): javaw_20230702_171812F-1.avi (既存)
2025-07-12 09:09:14,013 - INFO - スキップ (113/787): javaw_20230702_171812F.mp4 (既存)
2025-07-12 09:09:14,013 - INFO - スキップ (114/787): javaw_20230702_171812F-1.mp4 (既存)
2025-07-12 09:09:14,013 - INFO - スキップ (115/787): javaw_20230702_171812F-2.mp4 (既存)
2025-07-12 09:09:14,014 - INFO - ダウンロード中 (116/787): ウィザー.png
2025-07-12 09:09:14,553 - INFO - 保存完了: public/images/ウィザー.png
2025-07-12 09:09:15,559 - INFO - スキップ (117/787): 2023-07-04_19.55.21.png (既存)
2025-07-12 09:09:15,559 - INFO - スキップ (118/787): 2023-07-04_20.17.52.png (既存)
2025-07-12 09:09:15,559 - INFO - スキップ (119/787): 2023-07-04_19.55.21-1.png (既存)
2025-07-12 09:09:15,560 - INFO - ダウンロード中 (120/787): スクリーンショット-2023-07-04-204243.png
2025-07-12 09:09:15,749 - INFO - 保存完了: public/images/スクリーンショット-2023-07-04-204243.png
2025-07-12 09:09:16,754 - INFO - ダウンロード中 (121/787): スクリーンショット-2023-07-04-204706.png
2025-07-12 09:09:16,993 - INFO - 保存完了: public/images/スクリーンショット-2023-07-04-204706.png
2025-07-12 09:09:17,996 - INFO - ダウンロード中 (122/787): スクリーンショット-2023-07-04-230726.png
2025-07-12 09:09:18,172 - INFO - 保存完了: public/images/スクリーンショット-2023-07-04-230726.png
2025-07-12 09:09:19,176 - INFO - ダウンロード中 (123/787): スクリーンショット-2023-07-04-204439.png
2025-07-12 09:09:19,478 - INFO - 保存完了: public/images/スクリーンショット-2023-07-04-204439.png
2025-07-12 09:09:20,482 - INFO - ダウンロード中 (124/787): スクリーンショット-2023-07-04-204503.png
2025-07-12 09:09:20,763 - INFO - 保存完了: public/images/スクリーンショット-2023-07-04-204503.png
2025-07-12 09:09:21,768 - INFO - ダウンロード中 (125/787): スクリーンショット-2023-07-05-001948.png
2025-07-12 09:09:22,103 - INFO - 保存完了: public/images/スクリーンショット-2023-07-05-001948.png
2025-07-12 09:09:23,108 - INFO - ダウンロード中 (126/787): スクリーンショット-2023-07-05-002308.png
2025-07-12 09:09:23,287 - INFO - 保存完了: public/images/スクリーンショット-2023-07-05-002308.png
2025-07-12 09:09:24,293 - INFO - スキップ (127/787): 2023-07-04_20.17.52-1.png (既存)
2025-07-12 09:09:24,293 - INFO - スキップ (128/787): 2023-07-04_19.55.21-2.png (既存)
2025-07-12 09:09:24,293 - INFO - スキップ (129/787): 2023-07-05_06.08.43.png (既存)
2025-07-12 09:09:24,293 - INFO - スキップ (130/787): 2023-07-05_06.18.45.png (既存)
2025-07-12 09:09:24,294 - INFO - ダウンロード中 (131/787): 名称未設定のデザイン-17.png
2025-07-12 09:09:24,489 - INFO - 保存完了: public/images/名称未設定のデザイン-17.png
2025-07-12 09:09:25,491 - INFO - スキップ (132/787): 2023-08-18_16.02.41.png (既存)
2025-07-12 09:09:25,491 - INFO - ダウンロード中 (133/787): 繧ｱ繧吶ち繝上ｙ繧ｳ蜈育函繝槭う繧ｯ繝ｩ貍ｫ逕ｻ_蜃ｺ蜉・繧ｱ繧吶ち繝上ｙ繧ｳ蜈育函繝槭う繧ｯ繝ｩ貍ｫ逕ｻ_蜃ｺ蜉媽001.png
2025-07-12 09:09:26,097 - INFO - 保存完了: public/images/繧ｱ繧吶ち繝上ｙ繧ｳ蜈育函繝槭う繧ｯ繝ｩ貍ｫ逕ｻ_蜃ｺ蜉・繧ｱ繧吶ち繝上ｙ繧ｳ蜈育函繝槭う繧ｯ繝ｩ貍ｫ逕ｻ_蜃ｺ蜉媽001.png
2025-07-12 09:09:27,099 - INFO - ダウンロード中 (134/787): 繧ｱ繧吶ち繝上ｙ繧ｳ蜈育函繝槭う繧ｯ繝ｩ貍ｫ逕ｻ_蜃ｺ蜉・繧ｱ繧吶ち繝上ｙ繧ｳ蜈育函繝槭う繧ｯ繝ｩ貍ｫ逕ｻ_蜃ｺ蜉媽002.png
2025-07-12 09:09:27,784 - INFO - 保存完了: public/images/繧ｱ繧吶ち繝上ｙ繧ｳ蜈育函繝槭う繧ｯ繝ｩ貍ｫ逕ｻ_蜃ｺ蜉・繧ｱ繧吶ち繝上ｙ繧ｳ蜈育函繝槭う繧ｯ繝ｩ貍ｫ逕ｻ_蜃ｺ蜉媽002.png
2025-07-12 09:09:28,789 - INFO - ダウンロード中 (135/787): 繧ｱ繧吶ち繝上ｙ繧ｳ蜈育函繝槭う繧ｯ繝ｩ貍ｫ逕ｻ_蜃ｺ蜉・繧ｱ繧吶ち繝上ｙ繧ｳ蜈育函繝槭う繧ｯ繝ｩ貍ｫ逕ｻ_蜃ｺ蜉媽003.png
2025-07-12 09:09:29,542 - INFO - 保存完了: public/images/繧ｱ繧吶ち繝上ｙ繧ｳ蜈育函繝槭う繧ｯ繝ｩ貍ｫ逕ｻ_蜃ｺ蜉・繧ｱ繧吶ち繝上ｙ繧ｳ蜈育函繝槭う繧ｯ繝ｩ貍ｫ逕ｻ_蜃ｺ蜉媽003.png
2025-07-12 09:09:30,545 - INFO - ダウンロード中 (136/787): 繧ｱ繧吶ち繝上ｙ繧ｳ蜈育函繝槭う繧ｯ繝ｩ貍ｫ逕ｻ_蜃ｺ蜉・繧ｱ繧吶ち繝上ｙ繧ｳ蜈育函繝槭う繧ｯ繝ｩ貍ｫ逕ｻ_蜃ｺ蜉媽004.png
2025-07-12 09:09:31,032 - INFO - 保存完了: public/images/繧ｱ繧吶ち繝上ｙ繧ｳ蜈育函繝槭う繧ｯ繝ｩ貍ｫ逕ｻ_蜃ｺ蜉・繧ｱ繧吶ち繝上ｙ繧ｳ蜈育函繝槭う繧ｯ繝ｩ貍ｫ逕ｻ_蜃ｺ蜉媽004.png
2025-07-12 09:09:32,037 - INFO - ダウンロード中 (137/787): 繧ｱ繧吶ち繝上ｙ繧ｳ蜈育函繝槭う繧ｯ繝ｩ貍ｫ逕ｻ_蜃ｺ蜉・繧ｱ繧吶ち繝上ｙ繧ｳ蜈育函繝槭う繧ｯ繝ｩ貍ｫ逕ｻ_蜃ｺ蜉媽005.png
2025-07-12 09:09:32,547 - INFO - 保存完了: public/images/繧ｱ繧吶ち繝上ｙ繧ｳ蜈育函繝槭う繧ｯ繝ｩ貍ｫ逕ｻ_蜃ｺ蜉・繧ｱ繧吶ち繝上ｙ繧ｳ蜈育函繝槭う繧ｯ繝ｩ貍ｫ逕ｻ_蜃ｺ蜉媽005.png
2025-07-12 09:09:33,551 - INFO - ダウンロード中 (138/787): 繧ｱ繧吶ち繝上ｙ繧ｳ蜈育函繝槭う繧ｯ繝ｩ貍ｫ逕ｻ_蜃ｺ蜉・繧ｱ繧吶ち繝上ｙ繧ｳ蜈育函繝槭う繧ｯ繝ｩ貍ｫ逕ｻ_蜃ｺ蜉媽006.png
2025-07-12 09:09:34,024 - INFO - 保存完了: public/images/繧ｱ繧吶ち繝上ｙ繧ｳ蜈育函繝槭う繧ｯ繝ｩ貍ｫ逕ｻ_蜃ｺ蜉・繧ｱ繧吶ち繝上ｙ繧ｳ蜈育函繝槭う繧ｯ繝ｩ貍ｫ逕ｻ_蜃ｺ蜉媽006.png
2025-07-12 09:09:35,025 - INFO - ダウンロード中 (139/787): 繧ｱ繧吶ち繝上ｙ繧ｳ蜈育函繝槭う繧ｯ繝ｩ貍ｫ逕ｻ_蜃ｺ蜉・繧ｱ繧吶ち繝上ｙ繧ｳ蜈育函繝槭う繧ｯ繝ｩ貍ｫ逕ｻ_蜃ｺ蜉媽007.png
2025-07-12 09:09:35,571 - INFO - 保存完了: public/images/繧ｱ繧吶ち繝上ｙ繧ｳ蜈育函繝槭う繧ｯ繝ｩ貍ｫ逕ｻ_蜃ｺ蜉・繧ｱ繧吶ち繝上ｙ繧ｳ蜈育函繝槭う繧ｯ繝ｩ貍ｫ逕ｻ_蜃ｺ蜉媽007.png
2025-07-12 09:09:36,575 - INFO - ダウンロード中 (140/787): 繧ｱ繧吶ち繝上ｙ繧ｳ蜈育函繝槭う繧ｯ繝ｩ貍ｫ逕ｻ_蜃ｺ蜉・繧ｱ繧吶ち繝上ｙ繧ｳ蜈育函繝槭う繧ｯ繝ｩ貍ｫ逕ｻ_蜃ｺ蜉媽008.png
2025-07-12 09:09:37,169 - INFO - 保存完了: public/images/繧ｱ繧吶ち繝上ｙ繧ｳ蜈育函繝槭う繧ｯ繝ｩ貍ｫ逕ｻ_蜃ｺ蜉・繧ｱ繧吶ち繝上ｙ繧ｳ蜈育函繝槭う繧ｯ繝ｩ貍ｫ逕ｻ_蜃ｺ蜉媽008.png
2025-07-12 09:09:38,173 - INFO - ダウンロード中 (141/787): 繧ｱ繧吶ち繝上ｙ繧ｳ蜈育函繝槭う繧ｯ繝ｩ貍ｫ逕ｻ_蜃ｺ蜉・繧ｱ繧吶ち繝上ｙ繧ｳ蜈育函繝槭う繧ｯ繝ｩ貍ｫ逕ｻ_蜃ｺ蜉媽009.png
2025-07-12 09:09:38,701 - INFO - 保存完了: public/images/繧ｱ繧吶ち繝上ｙ繧ｳ蜈育函繝槭う繧ｯ繝ｩ貍ｫ逕ｻ_蜃ｺ蜉・繧ｱ繧吶ち繝上ｙ繧ｳ蜈育函繝槭う繧ｯ繝ｩ貍ｫ逕ｻ_蜃ｺ蜉媽009.png
2025-07-12 09:09:39,704 - INFO - ダウンロード中 (142/787): 繧ｱ繧吶ち繝上ｙ繧ｳ蜈育函繝槭う繧ｯ繝ｩ貍ｫ逕ｻ_蜃ｺ蜉・繧ｱ繧吶ち繝上ｙ繧ｳ蜈育函繝槭う繧ｯ繝ｩ貍ｫ逕ｻ_蜃ｺ蜉媽010.png
2025-07-12 09:09:40,286 - INFO - 保存完了: public/images/繧ｱ繧吶ち繝上ｙ繧ｳ蜈育函繝槭う繧ｯ繝ｩ貍ｫ逕ｻ_蜃ｺ蜉・繧ｱ繧吶ち繝上ｙ繧ｳ蜈育函繝槭う繧ｯ繝ｩ貍ｫ逕ｻ_蜃ｺ蜉媽010.png
2025-07-12 09:09:41,290 - INFO - ダウンロード中 (143/787): 繧ｱ繧吶ち繝上ｙ繧ｳ蜈育函繝槭う繧ｯ繝ｩ貍ｫ逕ｻ_蜃ｺ蜉・繧ｱ繧吶ち繝上ｙ繧ｳ蜈育函繝槭う繧ｯ繝ｩ貍ｫ逕ｻ_蜃ｺ蜉媽011.png
2025-07-12 09:09:41,863 - INFO - 保存完了: public/images/繧ｱ繧吶ち繝上ｙ繧ｳ蜈育函繝槭う繧ｯ繝ｩ貍ｫ逕ｻ_蜃ｺ蜉・繧ｱ繧吶ち繝上ｙ繧ｳ蜈育函繝槭う繧ｯ繝ｩ貍ｫ逕ｻ_蜃ｺ蜉媽011.png
2025-07-12 09:09:42,867 - INFO - ダウンロード中 (144/787): 繧ｱ繧吶ち繝上ｙ繧ｳ蜈育函繝槭う繧ｯ繝ｩ貍ｫ逕ｻ_蜃ｺ蜉・繧ｱ繧吶ち繝上ｙ繧ｳ蜈育函繝槭う繧ｯ繝ｩ貍ｫ逕ｻ_蜃ｺ蜉媽012.png
2025-07-12 09:09:43,428 - INFO - 保存完了: public/images/繧ｱ繧吶ち繝上ｙ繧ｳ蜈育函繝槭う繧ｯ繝ｩ貍ｫ逕ｻ_蜃ｺ蜉・繧ｱ繧吶ち繝上ｙ繧ｳ蜈育函繝槭う繧ｯ繝ｩ貍ｫ逕ｻ_蜃ｺ蜉媽012.png
2025-07-12 09:09:44,433 - INFO - ダウンロード中 (145/787): 繧ｱ繧吶ち繝上ｙ繧ｳ蜈育函繝槭う繧ｯ繝ｩ貍ｫ逕ｻ_蜃ｺ蜉・繧ｱ繧吶ち繝上ｙ繧ｳ蜈育函繝槭う繧ｯ繝ｩ貍ｫ逕ｻ_蜃ｺ蜉媽013.png
2025-07-12 09:09:44,949 - INFO - 保存完了: public/images/繧ｱ繧吶ち繝上ｙ繧ｳ蜈育函繝槭う繧ｯ繝ｩ貍ｫ逕ｻ_蜃ｺ蜉・繧ｱ繧吶ち繝上ｙ繧ｳ蜈育函繝槭う繧ｯ繝ｩ貍ｫ逕ｻ_蜃ｺ蜉媽013.png
2025-07-12 09:09:45,954 - INFO - ダウンロード中 (146/787): 繧ｱ繧吶ち繝上ｙ繧ｳ蜈育函繝槭う繧ｯ繝ｩ貍ｫ逕ｻ_蜃ｺ蜉・繧ｱ繧吶ち繝上ｙ繧ｳ蜈育函繝槭う繧ｯ繝ｩ貍ｫ逕ｻ_蜃ｺ蜉媽014.png
2025-07-12 09:09:46,405 - INFO - 保存完了: public/images/繧ｱ繧吶ち繝上ｙ繧ｳ蜈育函繝槭う繧ｯ繝ｩ貍ｫ逕ｻ_蜃ｺ蜉・繧ｱ繧吶ち繝上ｙ繧ｳ蜈育函繝槭う繧ｯ繝ｩ貍ｫ逕ｻ_蜃ｺ蜉媽014.png
2025-07-12 09:09:47,410 - INFO - ダウンロード中 (147/787): 繧ｱ繧吶ち繝上ｙ繧ｳ蜈育函繝槭う繧ｯ繝ｩ貍ｫ逕ｻ_蜃ｺ蜉・繧ｱ繧吶ち繝上ｙ繧ｳ蜈育函繝槭う繧ｯ繝ｩ貍ｫ逕ｻ_蜃ｺ蜉媽015.png
2025-07-12 09:09:47,820 - INFO - 保存完了: public/images/繧ｱ繧吶ち繝上ｙ繧ｳ蜈育函繝槭う繧ｯ繝ｩ貍ｫ逕ｻ_蜃ｺ蜉・繧ｱ繧吶ち繝上ｙ繧ｳ蜈育函繝槭う繧ｯ繝ｩ貍ｫ逕ｻ_蜃ｺ蜉媽015.png
2025-07-12 09:09:48,825 - INFO - ダウンロード中 (148/787): 繧ｱ繧吶ち繝上ｙ繧ｳ蜈育函繝槭う繧ｯ繝ｩ貍ｫ逕ｻ_蜃ｺ蜉・繧ｱ繧吶ち繝上ｙ繧ｳ蜈育函繝槭う繧ｯ繝ｩ貍ｫ逕ｻ_蜃ｺ蜉媽016.png
2025-07-12 09:09:49,250 - INFO - 保存完了: public/images/繧ｱ繧吶ち繝上ｙ繧ｳ蜈育函繝槭う繧ｯ繝ｩ貍ｫ逕ｻ_蜃ｺ蜉・繧ｱ繧吶ち繝上ｙ繧ｳ蜈育函繝槭う繧ｯ繝ｩ貍ｫ逕ｻ_蜃ｺ蜉媽016.png
2025-07-12 09:09:50,254 - INFO - ダウンロード中 (149/787): 繧ｱ繧吶ち繝上ｙ繧ｳ蜈育函繝槭う繧ｯ繝ｩ貍ｫ逕ｻ_蜃ｺ蜉・繧ｱ繧吶ち繝上ｙ繧ｳ蜈育函繝槭う繧ｯ繝ｩ貍ｫ逕ｻ_蜃ｺ蜉媽017.png
2025-07-12 09:09:50,745 - INFO - 保存完了: public/images/繧ｱ繧吶ち繝上ｙ繧ｳ蜈育函繝槭う繧ｯ繝ｩ貍ｫ逕ｻ_蜃ｺ蜉・繧ｱ繧吶ち繝上ｙ繧ｳ蜈育函繝槭う繧ｯ繝ｩ貍ｫ逕ｻ_蜃ｺ蜉媽017.png
2025-07-12 09:09:51,750 - INFO - ダウンロード中 (150/787): 繧ｱ繧吶ち繝上ｙ繧ｳ蜈育函繝槭う繧ｯ繝ｩ貍ｫ逕ｻ_蜃ｺ蜉・繧ｱ繧吶ち繝上ｙ繧ｳ蜈育函繝槭う繧ｯ繝ｩ貍ｫ逕ｻ_蜃ｺ蜉媽018.png
2025-07-12 09:09:52,161 - INFO - 保存完了: public/images/繧ｱ繧吶ち繝上ｙ繧ｳ蜈育函繝槭う繧ｯ繝ｩ貍ｫ逕ｻ_蜃ｺ蜉・繧ｱ繧吶ち繝上ｙ繧ｳ蜈育函繝槭う繧ｯ繝ｩ貍ｫ逕ｻ_蜃ｺ蜉媽018.png
2025-07-12 09:09:53,166 - INFO - ダウンロード中 (151/787): 繧ｱ繧吶ち繝上ｙ繧ｳ蜈育函繝槭う繧ｯ繝ｩ貍ｫ逕ｻ_蜃ｺ蜉・繧ｱ繧吶ち繝上ｙ繧ｳ蜈育函繝槭う繧ｯ繝ｩ貍ｫ逕ｻ_蜃ｺ蜉媽019.png
2025-07-12 09:09:53,588 - INFO - 保存完了: public/images/繧ｱ繧吶ち繝上ｙ繧ｳ蜈育函繝槭う繧ｯ繝ｩ貍ｫ逕ｻ_蜃ｺ蜉・繧ｱ繧吶ち繝上ｙ繧ｳ蜈育函繝槭う繧ｯ繝ｩ貍ｫ逕ｻ_蜃ｺ蜉媽019.png
2025-07-12 09:09:54,589 - INFO - ダウンロード中 (152/787): 繧ｱ繧吶ち繝上ｙ繧ｳ蜈育函繝槭う繧ｯ繝ｩ貍ｫ逕ｻ_蜃ｺ蜉・繧ｱ繧吶ち繝上ｙ繧ｳ蜈育函繝槭う繧ｯ繝ｩ貍ｫ逕ｻ_蜃ｺ蜉媽020.png
2025-07-12 09:09:56,142 - INFO - 保存完了: public/images/繧ｱ繧吶ち繝上ｙ繧ｳ蜈育函繝槭う繧ｯ繝ｩ貍ｫ逕ｻ_蜃ｺ蜉・繧ｱ繧吶ち繝上ｙ繧ｳ蜈育函繝槭う繧ｯ繝ｩ貍ｫ逕ｻ_蜃ｺ蜉媽020.png
2025-07-12 09:09:57,146 - INFO - ダウンロード中 (153/787): スクリーンショット-2023-08-29-224354.png
2025-07-12 09:09:57,324 - INFO - 保存完了: public/images/スクリーンショット-2023-08-29-224354.png
2025-07-12 09:09:58,328 - INFO - ダウンロード中 (154/787): スクリーンショット-2023-08-29-224802.png
2025-07-12 09:09:58,531 - INFO - 保存完了: public/images/スクリーンショット-2023-08-29-224802.png
2025-07-12 09:09:59,535 - INFO - ダウンロード中 (155/787): スクリーンショット-2023-08-29-230129.png
2025-07-12 09:09:59,917 - INFO - 保存完了: public/images/スクリーンショット-2023-08-29-230129.png
2025-07-12 09:10:00,922 - INFO - ダウンロード中 (156/787): Minecraft_-1.20.1-シングルプレイ-2023-08-30-18-04-03.mp4
2025-07-12 09:10:17,662 - INFO - 保存完了: public/videos/Minecraft_-1.20.1-シングルプレイ-2023-08-30-18-04-03.mp4
2025-07-12 09:10:18,668 - INFO - ダウンロード中 (157/787): Minecraft_-1.20.1-シングルプレイ-2023-08-30-18-08-14.mp4
2025-07-12 09:10:19,993 - INFO - 保存完了: public/videos/Minecraft_-1.20.1-シングルプレイ-2023-08-30-18-08-14.mp4
2025-07-12 09:10:20,998 - INFO - ダウンロード中 (158/787): Minecraft_-1.20.1-シングルプレイ-2023-08-30-18-12-09.mp4
2025-07-12 09:10:29,361 - INFO - 保存完了: public/videos/Minecraft_-1.20.1-シングルプレイ-2023-08-30-18-12-09.mp4
2025-07-12 09:10:30,364 - INFO - ダウンロード中 (159/787): Minecraft_-1.20.1-シングルプレイ-2023-08-30-18-17-40.mp4
2025-07-12 09:10:31,977 - INFO - 保存完了: public/videos/Minecraft_-1.20.1-シングルプレイ-2023-08-30-18-17-40.mp4
2025-07-12 09:10:32,982 - INFO - ダウンロード中 (160/787): Minecraft_-1.20.1-シングルプレイ-2023-08-30-18-26-25.mp4
2025-07-12 09:10:35,754 - INFO - 保存完了: public/videos/Minecraft_-1.20.1-シングルプレイ-2023-08-30-18-26-25.mp4
2025-07-12 09:10:36,760 - INFO - ダウンロード中 (161/787): Minecraft_-1.20.1-シングルプレイ-2023-08-30-18-36-21.mp4
2025-07-12 09:10:43,174 - INFO - 保存完了: public/videos/Minecraft_-1.20.1-シングルプレイ-2023-08-30-18-36-21.mp4
2025-07-12 09:10:44,176 - INFO - ダウンロード中 (162/787): Minecraft_-1.20.1-シングルプレイ-2023-08-30-18-39-19.mp4
2025-07-12 09:10:49,422 - INFO - 保存完了: public/videos/Minecraft_-1.20.1-シングルプレイ-2023-08-30-18-39-19.mp4
2025-07-12 09:10:50,428 - INFO - スキップ (163/787): image.png (既存)
2025-07-12 09:10:50,428 - INFO - ダウンロード中 (164/787): Minecraft_-1.20.1-シングルプレイ-2023_08_30-水-18_45_57.png
2025-07-12 09:10:50,969 - INFO - 保存完了: public/images/Minecraft_-1.20.1-シングルプレイ-2023_08_30-水-18_45_57.png
2025-07-12 09:10:51,974 - INFO - ダウンロード中 (165/787): Minecraft_-1.20.1-シングルプレイ-2023-08-30-18-49-43.mp4
2025-07-12 09:10:59,900 - INFO - 保存完了: public/videos/Minecraft_-1.20.1-シングルプレイ-2023-08-30-18-49-43.mp4
2025-07-12 09:11:00,906 - INFO - ダウンロード中 (166/787): Minecraft_-1.20.1-シングルプレイ-2023-08-30-18-56-44.mp4
2025-07-12 09:11:16,303 - INFO - 保存完了: public/videos/Minecraft_-1.20.1-シングルプレイ-2023-08-30-18-56-44.mp4
2025-07-12 09:11:17,309 - INFO - ダウンロード中 (167/787): Minecraft_-1.20.1-シングルプレイ-2023-08-30-20-00-48.mp4
2025-07-12 09:11:21,535 - INFO - 保存完了: public/videos/Minecraft_-1.20.1-シングルプレイ-2023-08-30-20-00-48.mp4
2025-07-12 09:11:22,541 - INFO - ダウンロード中 (168/787): Minecraft_-1.20.1-シングルプレイ-2023-08-30-20-06-26.mp4
2025-07-12 09:11:25,388 - INFO - 保存完了: public/videos/Minecraft_-1.20.1-シングルプレイ-2023-08-30-20-06-26.mp4
2025-07-12 09:11:26,389 - INFO - ダウンロード中 (169/787): Minecraft_-1.20.1-シングルプレイ-2023-08-30-20-09-11.mp4
2025-07-12 09:11:36,100 - INFO - 保存完了: public/videos/Minecraft_-1.20.1-シングルプレイ-2023-08-30-20-09-11.mp4
2025-07-12 09:11:37,102 - INFO - スキップ (170/787): image-1.png (既存)
2025-07-12 09:11:37,102 - INFO - スキップ (171/787): image-2.png (既存)
2025-07-12 09:11:37,102 - INFO - スキップ (172/787): image-3.png (既存)
2025-07-12 09:11:37,103 - INFO - スキップ (173/787): image-4.png (既存)
2025-07-12 09:11:37,103 - INFO - ダウンロード中 (174/787): Minecraft_-1.20.1-シングルプレイ-2023-08-31-19-33-42.mp4
2025-07-12 09:12:15,381 - INFO - 保存完了: public/videos/Minecraft_-1.20.1-シングルプレイ-2023-08-31-19-33-42.mp4
2025-07-12 09:12:16,387 - INFO - ダウンロード中 (175/787): Minecraft_-1.20.1-シングルプレイ-2023-08-31-19-41-44.mp4
2025-07-12 09:12:30,820 - INFO - 保存完了: public/videos/Minecraft_-1.20.1-シングルプレイ-2023-08-31-19-41-44.mp4
2025-07-12 09:12:31,823 - INFO - ダウンロード中 (176/787): Minecraft_-1.20.1-シングルプレイ-2023-08-31-19-47-42.mp4
2025-07-12 09:13:36,896 - INFO - 保存完了: public/videos/Minecraft_-1.20.1-シングルプレイ-2023-08-31-19-47-42.mp4
2025-07-12 09:13:37,903 - INFO - ダウンロード中 (177/787): スクリーンショット-2023-08-31-234255.png
2025-07-12 09:13:38,319 - INFO - 保存完了: public/images/スクリーンショット-2023-08-31-234255.png
2025-07-12 09:13:39,324 - INFO - ダウンロード中 (178/787): スクリーンショット-2023-08-31-235257.png
2025-07-12 09:13:39,726 - INFO - 保存完了: public/images/スクリーンショット-2023-08-31-235257.png
2025-07-12 09:13:40,731 - INFO - スキップ (179/787): Base-Profile-Screenshot-2023.09.01-15.12.36.37.png (既存)
2025-07-12 09:13:40,731 - INFO - スキップ (180/787): Base-Profile-Screenshot-2023.09.01-15.33.01.98.png (既存)
2025-07-12 09:13:40,731 - INFO - スキップ (181/787): Base-Profile-Screenshot-2023.09.01-15.41.57.70.png (既存)
2025-07-12 09:13:40,731 - INFO - スキップ (182/787): Base-Profile-Screenshot-2023.09.01-15.47.08.82.png (既存)
2025-07-12 09:13:40,732 - INFO - スキップ (183/787): Base-Profile-Screenshot-2023.09.01-15.47.08.82-1.png (既存)
2025-07-12 09:13:40,732 - INFO - スキップ (184/787): Minecraft-Screenshot-2023.09.01-15.50.39.74.png (既存)
2025-07-12 09:13:40,732 - INFO - ダウンロード中 (185/787): Minecraft_-1.20.1-シングルプレイ-2023-09-01-16-33-25.mp4
2025-07-12 09:13:51,607 - INFO - 保存完了: public/videos/Minecraft_-1.20.1-シングルプレイ-2023-09-01-16-33-25.mp4
2025-07-12 09:13:52,608 - INFO - ダウンロード中 (186/787): Minecraft_-1.20.1-シングルプレイ-2023_09_01-金-16_42_58.png
2025-07-12 09:13:52,973 - INFO - 保存完了: public/images/Minecraft_-1.20.1-シングルプレイ-2023_09_01-金-16_42_58.png
2025-07-12 09:13:53,978 - INFO - スキップ (187/787): image.png (既存)
2025-07-12 09:13:53,978 - INFO - ダウンロード中 (188/787): Minecraft_-1.20.1-シングルプレイ-2023-09-01-16-48-41.mp4
2025-07-12 09:13:57,377 - INFO - 保存完了: public/videos/Minecraft_-1.20.1-シングルプレイ-2023-09-01-16-48-41.mp4
2025-07-12 09:13:58,382 - INFO - ダウンロード中 (189/787): Minecraft_-1.20.1-シングルプレイ-2023-09-01-17-08-57.mp4
2025-07-12 09:14:24,155 - INFO - 保存完了: public/videos/Minecraft_-1.20.1-シングルプレイ-2023-09-01-17-08-57.mp4
2025-07-12 09:14:25,160 - INFO - スキップ (190/787): Minecraft-Screenshot-2023.09.01-17.25.55.18.png (既存)
2025-07-12 09:14:25,160 - INFO - スキップ (191/787): Minecraft-Screenshot-2023.09.01-17.25.06.39.png (既存)
2025-07-12 09:14:25,160 - INFO - スキップ (192/787): Base-Profile-Screenshot-2023.09.01-17.45.41.92.png (既存)
2025-07-12 09:14:25,161 - INFO - ダウンロード中 (193/787): スクリーンショット-2023-09-01-192056.png
2025-07-12 09:14:25,687 - INFO - 保存完了: public/images/スクリーンショット-2023-09-01-192056.png
2025-07-12 09:14:26,690 - INFO - スキップ (194/787): 20230901_194630.mp4 (既存)
2025-07-12 09:14:26,690 - INFO - ダウンロード中 (195/787): Minecraft_-1.20.1-シングルプレイ-2023-09-05-16-12-10.mp4
2025-07-12 09:14:31,526 - INFO - 保存完了: public/videos/Minecraft_-1.20.1-シングルプレイ-2023-09-05-16-12-10.mp4
2025-07-12 09:14:32,532 - INFO - ダウンロード中 (196/787): Minecraft_-1.20.1-シングルプレイ-2023-09-05-16-18-23.mp4
2025-07-12 09:14:43,442 - INFO - 保存完了: public/videos/Minecraft_-1.20.1-シングルプレイ-2023-09-05-16-18-23.mp4
2025-07-12 09:14:44,446 - INFO - ダウンロード中 (197/787): Minecraft_-1.20.1-シングルプレイ-2023-09-05-16-20-22.mp4
2025-07-12 09:14:53,466 - INFO - 保存完了: public/videos/Minecraft_-1.20.1-シングルプレイ-2023-09-05-16-20-22.mp4
2025-07-12 09:14:54,471 - INFO - ダウンロード中 (198/787): Minecraft_-1.20.1-シングルプレイ-2023-09-05-16-24-58.mp4
2025-07-12 09:15:03,906 - INFO - 保存完了: public/videos/Minecraft_-1.20.1-シングルプレイ-2023-09-05-16-24-58.mp4
2025-07-12 09:15:04,908 - INFO - ダウンロード中 (199/787): Minecraft_-1.20.1-シングルプレイ-2023-09-05-16-42-18.mp4
2025-07-12 09:15:14,898 - INFO - 保存完了: public/videos/Minecraft_-1.20.1-シングルプレイ-2023-09-05-16-42-18.mp4
2025-07-12 09:15:15,904 - INFO - ダウンロード中 (200/787): Minecraft_-1.20.1-シングルプレイ-2023-09-05-16-48-19.mp4
2025-07-12 09:15:50,102 - INFO - 保存完了: public/videos/Minecraft_-1.20.1-シングルプレイ-2023-09-05-16-48-19.mp4
2025-07-12 09:15:51,105 - INFO - ダウンロード中 (201/787): Minecraft_-1.20.1-シングルプレイ-2023-09-05-16-54-41.mp4
2025-07-12 09:17:05,776 - INFO - 保存完了: public/videos/Minecraft_-1.20.1-シングルプレイ-2023-09-05-16-54-41.mp4
2025-07-12 09:17:06,782 - INFO - ダウンロード中 (202/787): Minecraft_-1.20.1-シングルプレイ-2023-09-05-17-22-36.mp4
2025-07-12 09:17:53,915 - INFO - 保存完了: public/videos/Minecraft_-1.20.1-シングルプレイ-2023-09-05-17-22-36.mp4
2025-07-12 09:17:54,921 - INFO - スキップ (203/787): image-1.png (既存)
2025-07-12 09:17:54,921 - INFO - スキップ (204/787): image-2.png (既存)
2025-07-12 09:17:54,921 - INFO - スキップ (205/787): image-3.png (既存)
2025-07-12 09:17:54,922 - INFO - スキップ (206/787): image-4.png (既存)
2025-07-12 09:17:54,922 - INFO - スキップ (207/787): image-5.png (既存)
2025-07-12 09:17:54,922 - INFO - スキップ (208/787): Base-Profile-Screenshot-2023.09.06-16.20.30.93.png (既存)
2025-07-12 09:17:54,923 - INFO - スキップ (209/787): Base-Profile-Screenshot-2023.09.06-16.20.09.72.png (既存)
2025-07-12 09:17:54,923 - INFO - スキップ (210/787): Base-Profile-Screenshot-2023.09.06-16.23.53.33.png (既存)
2025-07-12 09:17:54,923 - INFO - スキップ (211/787): Base-Profile-Screenshot-2023.09.06-16.29.08.64.png (既存)
2025-07-12 09:17:54,923 - INFO - ダウンロード中 (212/787): F3＋C.mp4
2025-07-12 09:18:07,232 - INFO - 保存完了: public/videos/F3＋C.mp4
2025-07-12 09:18:08,235 - INFO - ダウンロード中 (213/787): F３＋D.mp4
2025-07-12 09:18:10,150 - INFO - 保存完了: public/videos/F３＋D.mp4
2025-07-12 09:18:11,156 - INFO - ダウンロード中 (214/787): Minecraft_-1.20.1-マルチプレイ（サードパーティーのサーバー）-2023-09-14-18-14-26.mp4
2025-07-12 09:18:20,817 - INFO - 保存完了: public/videos/Minecraft_-1.20.1-マルチプレイ（サードパーティーのサーバー）-2023-09-14-18-14-26.mp4
2025-07-12 09:18:21,823 - INFO - ダウンロード中 (215/787): 死亡逃走視点.mp4
2025-07-12 09:18:32,728 - INFO - 保存完了: public/videos/死亡逃走視点.mp4
2025-07-12 09:18:33,734 - INFO - ダウンロード中 (216/787): スクリーンショット-2023-09-14-181653.png
2025-07-12 09:18:33,874 - INFO - 保存完了: public/images/スクリーンショット-2023-09-14-181653.png
2025-07-12 09:18:34,880 - INFO - ダウンロード中 (217/787): スクリーンショット-2023-09-14-181627.png
2025-07-12 09:18:35,028 - INFO - 保存完了: public/images/スクリーンショット-2023-09-14-181627.png
2025-07-12 09:18:36,030 - INFO - ダウンロード中 (218/787): スクリーンショット-2023-09-14-200446.png
2025-07-12 09:18:36,362 - INFO - 保存完了: public/images/スクリーンショット-2023-09-14-200446.png
2025-07-12 09:18:37,366 - INFO - ダウンロード中 (219/787): スクリーンショット-2023-09-14-195952.png
2025-07-12 09:18:37,476 - INFO - 保存完了: public/images/スクリーンショット-2023-09-14-195952.png
2025-07-12 09:18:38,479 - INFO - ダウンロード中 (220/787): スクリーンショット-2023-09-14-200017.png
2025-07-12 09:18:38,582 - INFO - 保存完了: public/images/スクリーンショット-2023-09-14-200017.png
2025-07-12 09:18:39,588 - INFO - ダウンロード中 (221/787): スクリーンショット-2023-09-14-200335.png
2025-07-12 09:18:40,123 - INFO - 保存完了: public/images/スクリーンショット-2023-09-14-200335.png
2025-07-12 09:18:41,128 - INFO - ダウンロード中 (222/787): Minecraft_-1.20.1-マルチプレイ（サードパーティーのサーバー）-2023_09_14-木-20_17_18.png
2025-07-12 09:18:42,488 - INFO - 保存完了: public/images/Minecraft_-1.20.1-マルチプレイ（サードパーティーのサーバー）-2023_09_14-木-20_17_18.png
2025-07-12 09:18:43,489 - INFO - ダウンロード中 (223/787): Minecraft_-1.20.1-マルチプレイ（サードパーティーのサーバー）-2023_09_14-木-20_21_31.png
2025-07-12 09:18:44,092 - INFO - 保存完了: public/images/Minecraft_-1.20.1-マルチプレイ（サードパーティーのサーバー）-2023_09_14-木-20_21_31.png
2025-07-12 09:18:45,097 - INFO - ダウンロード中 (224/787): スクリーンショット-2023-09-14-204926.png
2025-07-12 09:18:45,217 - INFO - 保存完了: public/images/スクリーンショット-2023-09-14-204926.png
2025-07-12 09:18:46,222 - INFO - スキップ (225/787): F3F4.mp4 (既存)
2025-07-12 09:18:46,222 - INFO - ダウンロード中 (226/787): 名称未設定.mp4
2025-07-12 09:18:52,624 - INFO - 保存完了: public/videos/名称未設定.mp4
2025-07-12 09:18:53,626 - INFO - スキップ (227/787): F2.mp4 (既存)
2025-07-12 09:18:53,626 - INFO - スキップ (228/787): F3ESC.mp4 (既存)
2025-07-12 09:18:53,626 - INFO - ダウンロード中 (229/787): スクリーンショット-2023-10-11-140122.png
2025-07-12 09:18:53,768 - INFO - 保存完了: public/images/スクリーンショット-2023-10-11-140122.png
2025-07-12 09:18:54,771 - INFO - ダウンロード中 (230/787): Minecraft_-1.20.1-マルチプレイ（サードパーティーのサーバー）-2023_10_11-水-14_20_18.png
2025-07-12 09:18:55,297 - INFO - 保存完了: public/images/Minecraft_-1.20.1-マルチプレイ（サードパーティーのサーバー）-2023_10_11-水-14_20_18.png
2025-07-12 09:18:56,298 - INFO - ダウンロード中 (231/787): スクリーンショット-2023-09-29-144203.png
2025-07-12 09:18:56,417 - INFO - 保存完了: public/images/スクリーンショット-2023-09-29-144203.png
2025-07-12 09:18:57,420 - INFO - ダウンロード中 (232/787): スクリーンショット-2023-09-29-144210.png
2025-07-12 09:18:57,552 - INFO - 保存完了: public/images/スクリーンショット-2023-09-29-144210.png
2025-07-12 09:18:58,553 - INFO - ダウンロード中 (233/787): スクリーンショット-2023-09-29-144218.png
2025-07-12 09:18:58,654 - INFO - 保存完了: public/images/スクリーンショット-2023-09-29-144218.png
2025-07-12 09:18:59,659 - INFO - ダウンロード中 (234/787): スクリーンショット-2023-09-29-144224.png
2025-07-12 09:18:59,770 - INFO - 保存完了: public/images/スクリーンショット-2023-09-29-144224.png
2025-07-12 09:19:00,773 - INFO - ダウンロード中 (235/787): スクリーンショット-2023-09-29-144233.png
2025-07-12 09:19:00,902 - INFO - 保存完了: public/images/スクリーンショット-2023-09-29-144233.png
2025-07-12 09:19:01,907 - INFO - ダウンロード中 (236/787): スクリーンショット-2023-09-29-144241.png
2025-07-12 09:19:02,011 - INFO - 保存完了: public/images/スクリーンショット-2023-09-29-144241.png
2025-07-12 09:19:03,015 - INFO - ダウンロード中 (237/787): スクリーンショット-2023-09-29-144249.png
2025-07-12 09:19:03,124 - INFO - 保存完了: public/images/スクリーンショット-2023-09-29-144249.png
2025-07-12 09:19:04,126 - INFO - ダウンロード中 (238/787): スクリーンショット-2023-09-29-144257.png
2025-07-12 09:19:04,235 - INFO - 保存完了: public/images/スクリーンショット-2023-09-29-144257.png
2025-07-12 09:19:05,237 - INFO - ダウンロード中 (239/787): スクリーンショット-2023-09-29-144312.png
2025-07-12 09:19:05,345 - INFO - 保存完了: public/images/スクリーンショット-2023-09-29-144312.png
2025-07-12 09:19:06,351 - INFO - ダウンロード中 (240/787): スクリーンショット-2023-09-29-144318.png
2025-07-12 09:19:06,455 - INFO - 保存完了: public/images/スクリーンショット-2023-09-29-144318.png
2025-07-12 09:19:07,455 - INFO - ダウンロード中 (241/787): スクリーンショット-2023-09-29-144324.png
2025-07-12 09:19:07,571 - INFO - 保存完了: public/images/スクリーンショット-2023-09-29-144324.png
2025-07-12 09:19:08,574 - INFO - ダウンロード中 (242/787): スクリーンショット-2023-09-29-144333.png
2025-07-12 09:19:08,686 - INFO - 保存完了: public/images/スクリーンショット-2023-09-29-144333.png
2025-07-12 09:19:09,690 - INFO - ダウンロード中 (243/787): スクリーンショット-2023-09-29-144340.png
2025-07-12 09:19:09,803 - INFO - 保存完了: public/images/スクリーンショット-2023-09-29-144340.png
2025-07-12 09:19:10,808 - INFO - ダウンロード中 (244/787): スクリーンショット-2023-09-29-144351.png
2025-07-12 09:19:10,926 - INFO - 保存完了: public/images/スクリーンショット-2023-09-29-144351.png
2025-07-12 09:19:11,931 - INFO - ダウンロード中 (245/787): スクリーンショット-2023-09-29-144357.png
2025-07-12 09:19:12,049 - INFO - 保存完了: public/images/スクリーンショット-2023-09-29-144357.png
2025-07-12 09:19:13,055 - INFO - ダウンロード中 (246/787): スクリーンショット-2023-09-29-144407.png
2025-07-12 09:19:13,172 - INFO - 保存完了: public/images/スクリーンショット-2023-09-29-144407.png
2025-07-12 09:19:14,174 - INFO - ダウンロード中 (247/787): スクリーンショット-2023-09-29-144153.png
2025-07-12 09:19:14,286 - INFO - 保存完了: public/images/スクリーンショット-2023-09-29-144153.png
2025-07-12 09:19:15,291 - INFO - ダウンロード中 (248/787): ファイル作成.mp4
2025-07-12 09:19:16,020 - INFO - 保存完了: public/videos/ファイル作成.mp4
2025-07-12 09:19:17,022 - INFO - ダウンロード中 (249/787): VSCで開く.mp4
2025-07-12 09:19:18,175 - INFO - 保存完了: public/videos/VSCで開く.mp4
2025-07-12 09:19:19,180 - INFO - ダウンロード中 (250/787): 作ってみた！.png
2025-07-12 09:19:19,814 - INFO - 保存完了: public/images/作ってみた！.png
2025-07-12 09:19:20,816 - INFO - ダウンロード中 (251/787): スクリーンショット-2023-10-13-193410.png
2025-07-12 09:19:20,994 - INFO - 保存完了: public/images/スクリーンショット-2023-10-13-193410.png
2025-07-12 09:19:22,000 - INFO - ダウンロード中 (252/787): 「pack.mcmeta」の説明.mp4
2025-07-12 09:19:22,466 - INFO - 保存完了: public/videos/「pack.mcmeta」の説明.mp4
2025-07-12 09:19:23,472 - INFO - ダウンロード中 (253/787): 「data」フォルダー.mp4
2025-07-12 09:19:23,897 - INFO - 保存完了: public/videos/「data」フォルダー.mp4
2025-07-12 09:19:24,903 - INFO - ダウンロード中 (254/787): Minecraft_-1.20.1-2023_09_21-木-9_48_10.png
2025-07-12 09:19:25,429 - INFO - 保存完了: public/images/Minecraft_-1.20.1-2023_09_21-木-9_48_10.png
2025-07-12 09:19:26,434 - INFO - ダウンロード中 (255/787): Minecraft_-1.20.1-2023_09_21-木-10_49_52.png
2025-07-12 09:19:26,738 - INFO - 保存完了: public/images/Minecraft_-1.20.1-2023_09_21-木-10_49_52.png
2025-07-12 09:19:27,742 - INFO - スキップ (256/787): 9.png (既存)
2025-07-12 09:19:27,742 - INFO - スキップ (257/787): 11.png (既存)
2025-07-12 09:19:27,743 - INFO - スキップ (258/787): 12.png (既存)
2025-07-12 09:19:27,743 - INFO - スキップ (259/787): 14.png (既存)
2025-07-12 09:19:27,743 - INFO - スキップ (260/787): 14-1.png (既存)
2025-07-12 09:19:27,743 - INFO - スキップ (261/787): EE46133C-B3AE-485A-A841-B7D5B9D1CF1D.png (既存)
2025-07-12 09:19:27,743 - INFO - スキップ (262/787): 468A5BCE-605C-4EF7-8580-0C502A0866D0.png (既存)
2025-07-12 09:19:27,743 - INFO - スキップ (263/787): 5F34C52B-9A16-4DE2-95B6-D52484BC4B31.png (既存)
2025-07-12 09:19:27,743 - INFO - スキップ (264/787): 8FD41FA2-9E24-4FC6-8BDE-735184E57C97.png (既存)
2025-07-12 09:19:27,744 - INFO - スキップ (265/787): ifmainmovie.mp4 (既存)
2025-07-12 09:19:27,744 - INFO - スキップ (266/787): ifmainmovie-1.mp4 (既存)
2025-07-12 09:19:27,744 - INFO - スキップ (267/787): ifmainmovie-2.mp4 (既存)
2025-07-12 09:19:27,744 - INFO - スキップ (268/787): Base-Profile-Screenshot-2024.01.06-09.48.59.78.png (既存)
2025-07-12 09:19:27,744 - INFO - ダウンロード中 (269/787): if塾_若者チャレンジ2023_page-0016-scaled.jpg
2025-07-12 09:19:28,146 - INFO - 保存完了: public/images/if塾_若者チャレンジ2023_page-0016-scaled.jpg
2025-07-12 09:19:29,152 - INFO - ダウンロード中 (270/787): if塾_若者チャレンジ2023_page-0017-scaled.jpg
2025-07-12 09:19:29,552 - INFO - 保存完了: public/images/if塾_若者チャレンジ2023_page-0017-scaled.jpg
2025-07-12 09:19:30,558 - INFO - スキップ (271/787): image.png (既存)
2025-07-12 09:19:30,558 - INFO - スキップ (272/787): AI.png (既存)
2025-07-12 09:19:30,558 - INFO - スキップ (273/787): backGround.png (既存)
2025-07-12 09:19:30,559 - INFO - スキップ (274/787): backGround2.webp (既存)
2025-07-12 09:19:30,559 - INFO - スキップ (275/787): ideal1.webp (既存)
2025-07-12 09:19:30,559 - INFO - スキップ (276/787): ideal2.webp (既存)
2025-07-12 09:19:30,559 - INFO - スキップ (277/787): ideal3.webp (既存)
2025-07-12 09:19:30,559 - INFO - スキップ (278/787): if-juku.logo_.png (既存)
2025-07-12 09:19:30,559 - INFO - スキップ (279/787): lesson1.png (既存)
2025-07-12 09:19:30,559 - INFO - スキップ (280/787): lesson2.png (既存)
2025-07-12 09:19:30,559 - INFO - スキップ (281/787): lesson3.png (既存)
2025-07-12 09:19:30,560 - INFO - スキップ (282/787): Metaverse.png (既存)
2025-07-12 09:19:30,560 - INFO - スキップ (283/787): Money.png (既存)
2025-07-12 09:19:30,560 - INFO - スキップ (284/787): mission.webp (既存)
2025-07-12 09:19:30,560 - INFO - ダウンロード中 (285/787): この授業では、生徒たちがメタバース内で自由に探索し、遊びながら学べる環境を提供します。彼らが興味を持った仕掛けやデザインについて、ゲーム内キャラクターと対話-2.png
2025-07-12 09:19:31,475 - INFO - 保存完了: public/images/この授業では、生徒たちがメタバース内で自由に探索し、遊びながら学べる環境を提供します。彼らが興味を持った仕掛けやデザインについて、ゲーム内キャラクターと対話-2.png
2025-07-12 09:19:32,479 - INFO - スキップ (286/787): web3.0.webp (既存)
2025-07-12 09:19:32,479 - INFO - スキップ (287/787): jugyou.webp (既存)
2025-07-12 09:19:32,479 - INFO - スキップ (288/787): getabako.png (既存)
2025-07-12 09:19:32,479 - INFO - スキップ (289/787): AA89FFCE-6C8E-48E9-ACC1-0A5C3101028C.png (既存)
2025-07-12 09:19:32,480 - INFO - ダウンロード中 (290/787): DALL·E-2024-02-05-10.50.31-Create-a-pixel-art-scene-showing-children-using-robots-and-computers-to-build-a-Life-Path.-The-scene-is-set-in-a-vibrant-and-imaginative-room-where-.webp
2025-07-12 09:19:32,848 - INFO - 保存完了: public/images/DALL·E-2024-02-05-10.50.31-Create-a-pixel-art-scene-showing-children-using-robots-and-computers-to-build-a-Life-Path.-The-scene-is-set-in-a-vibrant-and-imaginative-room-where-.webp
2025-07-12 09:19:33,850 - INFO - ダウンロード中 (291/787): DALL·E-2024-02-05-10.50.12-Modify-the-previous-pixel-art-scene-by-adding-futuristic-technology-that-visually-represents-the-young-Japanese-IT-company-CEO-faithfully-recalling-hi.webp
2025-07-12 09:19:34,165 - INFO - 保存完了: public/images/DALL·E-2024-02-05-10.50.12-Modify-the-previous-pixel-art-scene-by-adding-futuristic-technology-that-visually-represents-the-young-Japanese-IT-company-CEO-faithfully-recalling-hi.webp
2025-07-12 09:19:35,170 - INFO - ダウンロード中 (292/787): if塾hp画像-1.png
2025-07-12 09:19:36,885 - INFO - 保存完了: public/images/if塾hp画像-1.png
2025-07-12 09:19:37,887 - INFO - ダウンロード中 (293/787): if塾hp画像.png
2025-07-12 09:19:38,742 - INFO - 保存完了: public/images/if塾hp画像.png
2025-07-12 09:19:39,746 - INFO - ダウンロード中 (294/787): if塾hp画像-2.png
2025-07-12 09:19:40,604 - INFO - 保存完了: public/images/if塾hp画像-2.png
2025-07-12 09:19:41,610 - INFO - スキップ (295/787): coollogo_com-32934894.png (既存)
2025-07-12 09:19:41,610 - INFO - スキップ (296/787): 5.png (既存)
2025-07-12 09:19:41,610 - INFO - スキップ (297/787): 6.png (既存)
2025-07-12 09:19:41,610 - INFO - スキップ (298/787): 7.png (既存)
2025-07-12 09:19:41,610 - INFO - ダウンロード中 (299/787): if塾hp画像-1080-x-1920-px-1.png
2025-07-12 09:19:42,434 - INFO - 保存完了: public/images/if塾hp画像-1080-x-1920-px-1.png
2025-07-12 09:19:43,439 - INFO - スキップ (300/787): ifjukuicon2.png (既存)
2025-07-12 09:19:43,439 - INFO - スキップ (301/787): teacher2.webp (既存)
2025-07-12 09:19:43,439 - INFO - スキップ (302/787): ifjukuicon2-1.png (既存)
2025-07-12 09:19:43,439 - INFO - スキップ (303/787): ifjukuicon.png (既存)
2025-07-12 09:19:43,439 - INFO - スキップ (304/787): 19DD86A2-CBE3-452B-BA9A-015533838227.png (既存)
2025-07-12 09:19:43,439 - INFO - スキップ (305/787): teacher3.png (既存)
2025-07-12 09:19:43,439 - INFO - スキップ (306/787): teacher5.png (既存)
2025-07-12 09:19:43,439 - INFO - スキップ (307/787): teacher4.png (既存)
2025-07-12 09:19:43,440 - INFO - ダウンロード中 (308/787): if塾LP.png
2025-07-12 09:19:43,727 - INFO - 保存完了: public/images/if塾LP.png
2025-07-12 09:19:44,731 - INFO - ダウンロード中 (309/787): if塾LParrow1.png
2025-07-12 09:19:44,848 - INFO - 保存完了: public/images/if塾LParrow1.png
2025-07-12 09:19:45,853 - INFO - ダウンロード中 (310/787): if塾LParrow2.png
2025-07-12 09:19:45,971 - INFO - 保存完了: public/images/if塾LParrow2.png
2025-07-12 09:19:46,976 - INFO - ダウンロード中 (311/787): if塾LP-1.png
2025-07-12 09:19:47,178 - INFO - 保存完了: public/images/if塾LP-1.png
2025-07-12 09:19:48,181 - INFO - ダウンロード中 (312/787): if塾LPojisan.png
2025-07-12 09:19:48,330 - INFO - 保存完了: public/images/if塾LPojisan.png
2025-07-12 09:19:49,334 - INFO - ダウンロード中 (313/787): if塾LPsuguru.png
2025-07-12 09:19:49,503 - INFO - 保存完了: public/images/if塾LPsuguru.png
2025-07-12 09:19:50,504 - INFO - ダウンロード中 (314/787): if塾LPai.png
2025-07-12 09:19:50,680 - INFO - 保存完了: public/images/if塾LPai.png
2025-07-12 09:19:51,686 - INFO - ダウンロード中 (315/787): if塾Lpai2.png
2025-07-12 09:19:51,869 - INFO - 保存完了: public/images/if塾Lpai2.png
2025-07-12 09:19:52,873 - INFO - ダウンロード中 (316/787): if塾LPaaa.png
2025-07-12 09:19:53,047 - INFO - 保存完了: public/images/if塾LPaaa.png
2025-07-12 09:19:54,052 - INFO - ダウンロード中 (317/787): if塾LPのコピー3.png
2025-07-12 09:19:54,225 - INFO - 保存完了: public/images/if塾LPのコピー3.png
2025-07-12 09:19:55,229 - INFO - ダウンロード中 (318/787): if塾LPのコピー2.png
2025-07-12 09:19:55,399 - INFO - 保存完了: public/images/if塾LPのコピー2.png
2025-07-12 09:19:56,404 - INFO - ダウンロード中 (319/787): if塾LPのコピー41.png
2025-07-12 09:19:56,644 - INFO - 保存完了: public/images/if塾LPのコピー41.png
2025-07-12 09:19:57,649 - INFO - ダウンロード中 (320/787): if塾LPのコピー42.png
2025-07-12 09:19:57,836 - INFO - 保存完了: public/images/if塾LPのコピー42.png
2025-07-12 09:19:58,840 - INFO - ダウンロード中 (321/787): if塾LPのコピー43.png
2025-07-12 09:19:59,069 - INFO - 保存完了: public/images/if塾LPのコピー43.png
2025-07-12 09:20:00,075 - INFO - ダウンロード中 (322/787): if塾LPのコピー51.png
2025-07-12 09:20:00,253 - INFO - 保存完了: public/images/if塾LPのコピー51.png
2025-07-12 09:20:01,256 - INFO - ダウンロード中 (323/787): if塾LPのコピー52.png
2025-07-12 09:20:01,363 - INFO - 保存完了: public/images/if塾LPのコピー52.png
2025-07-12 09:20:02,365 - INFO - ダウンロード中 (324/787): if塾LPのコピー52-1.png
2025-07-12 09:20:02,479 - INFO - 保存完了: public/images/if塾LPのコピー52-1.png
2025-07-12 09:20:03,482 - INFO - ダウンロード中 (325/787): if塾LPのコピー6.png
2025-07-12 09:20:03,586 - INFO - 保存完了: public/images/if塾LPのコピー6.png
2025-07-12 09:20:04,588 - INFO - ダウンロード中 (326/787): if塾LPのコピー71.png
2025-07-12 09:20:04,697 - INFO - 保存完了: public/images/if塾LPのコピー71.png
2025-07-12 09:20:05,702 - INFO - ダウンロード中 (327/787): if塾LPのコピー72.png
2025-07-12 09:20:05,977 - INFO - 保存完了: public/images/if塾LPのコピー72.png
2025-07-12 09:20:06,981 - INFO - ダウンロード中 (328/787): if塾LPのコピー81.png
2025-07-12 09:20:07,109 - INFO - 保存完了: public/images/if塾LPのコピー81.png
2025-07-12 09:20:08,112 - INFO - ダウンロード中 (329/787): if塾LPのコピー82.png
2025-07-12 09:20:08,261 - INFO - 保存完了: public/images/if塾LPのコピー82.png
2025-07-12 09:20:09,263 - INFO - ダウンロード中 (330/787): if塾LPのコピー9.png
2025-07-12 09:20:09,444 - INFO - 保存完了: public/images/if塾LPのコピー9.png
2025-07-12 09:20:10,450 - INFO - ダウンロード中 (331/787): if塾LPのコピー10.png
2025-07-12 09:20:10,605 - INFO - 保存完了: public/images/if塾LPのコピー10.png
2025-07-12 09:20:11,610 - INFO - スキップ (332/787): ifjuku1.mov (既存)
2025-07-12 09:20:11,610 - INFO - スキップ (333/787): ifjuku2.mov (既存)
2025-07-12 09:20:11,611 - INFO - スキップ (334/787): ifjuku2-2.mov (既存)
2025-07-12 09:20:11,611 - INFO - スキップ (335/787): ifjuku3.mov (既存)
2025-07-12 09:20:11,611 - INFO - スキップ (336/787): ifjuku4.mov (既存)
2025-07-12 09:20:11,611 - INFO - スキップ (337/787): ifjuku5.mov (既存)
2025-07-12 09:20:11,611 - INFO - スキップ (338/787): ifjuku6.mov (既存)
2025-07-12 09:20:11,612 - INFO - スキップ (339/787): ifjuku9.png (既存)
2025-07-12 09:20:11,612 - INFO - ダウンロード中 (340/787): スクリーンショット-2024-04-05-191546.png
2025-07-12 09:20:11,886 - INFO - 保存完了: public/images/スクリーンショット-2024-04-05-191546.png
2025-07-12 09:20:12,890 - INFO - スキップ (341/787): ifjuku7.mov (既存)
2025-07-12 09:20:12,891 - INFO - ダウンロード中 (342/787): スクリーンショット-2024-04-05-214721.png
2025-07-12 09:20:13,076 - INFO - 保存完了: public/images/スクリーンショット-2024-04-05-214721.png
2025-07-12 09:20:14,079 - INFO - スキップ (343/787): ifjuku8.mov (既存)
2025-07-12 09:20:14,080 - INFO - スキップ (344/787): ifjuku9-0.mov (既存)
2025-07-12 09:20:14,080 - INFO - ダウンロード中 (345/787): スクリーンショット-2024-04-06-014014.png
2025-07-12 09:20:14,266 - INFO - 保存完了: public/images/スクリーンショット-2024-04-06-014014.png
2025-07-12 09:20:15,271 - INFO - スキップ (346/787): ifjuku10.mov (既存)
2025-07-12 09:20:15,271 - INFO - スキップ (347/787): iforichara.webp (既存)
2025-07-12 09:20:15,272 - INFO - ダウンロード中 (348/787): 通塾ボタン.png
2025-07-12 09:20:15,454 - INFO - 保存完了: public/images/通塾ボタン.png
2025-07-12 09:20:16,459 - INFO - ダウンロード中 (349/787): if塾チラシ完成版.png
2025-07-12 09:20:16,922 - INFO - 保存完了: public/images/if塾チラシ完成版.png
2025-07-12 09:20:17,927 - INFO - スキップ (350/787): ifjuku11.mov (既存)
2025-07-12 09:20:17,928 - INFO - ダウンロード中 (351/787): スクリーンショット-2024-04-16-201543.png
2025-07-12 09:20:18,286 - INFO - 保存完了: public/images/スクリーンショット-2024-04-16-201543.png
2025-07-12 09:20:19,290 - INFO - ダウンロード中 (352/787): スクリーンショット-2024-04-16-203830.png
2025-07-12 09:20:19,663 - INFO - 保存完了: public/images/スクリーンショット-2024-04-16-203830.png
2025-07-12 09:20:20,667 - INFO - ダウンロード中 (353/787): スクリーンショット-2024-04-16-204015.png
2025-07-12 09:20:21,055 - INFO - 保存完了: public/images/スクリーンショット-2024-04-16-204015.png
2025-07-12 09:20:22,060 - INFO - ダウンロード中 (354/787): if塾パンフ完成版.pdf
2025-07-12 09:20:27,834 - INFO - 保存完了: public/if塾パンフ完成版.pdf
2025-07-12 09:20:28,840 - INFO - スキップ (355/787): image.png (既存)
2025-07-12 09:20:28,841 - INFO - スキップ (356/787): 2.png (既存)
2025-07-12 09:20:28,841 - INFO - スキップ (357/787): 3.png (既存)
2025-07-12 09:20:28,841 - INFO - スキップ (358/787): 4.png (既存)
2025-07-12 09:20:28,841 - INFO - ダウンロード中 (359/787): 段落テキスト-2.png
2025-07-12 09:20:29,066 - INFO - 保存完了: public/images/段落テキスト-2.png
2025-07-12 09:20:30,069 - INFO - ダウンロード中 (360/787): DALL·E-2023-11-01-16.28.43-Pixel-art-of-an-excited-character-with-a-round-face-thin-eyebrows-and-thin-line-like-eyes.-The-character-has-short-unkempt-hair-and-a-robust-physiq.png
2025-07-12 09:20:30,381 - INFO - 保存完了: public/images/DALL·E-2023-11-01-16.28.43-Pixel-art-of-an-excited-character-with-a-round-face-thin-eyebrows-and-thin-line-like-eyes.-The-character-has-short-unkempt-hair-and-a-robust-physiq.png
2025-07-12 09:20:31,384 - INFO - スキップ (361/787): IMG_0867.png (既存)
2025-07-12 09:20:31,384 - INFO - スキップ (362/787): IMG_0866.png (既存)
2025-07-12 09:20:31,384 - INFO - スキップ (363/787): IMG_0868.png (既存)
2025-07-12 09:20:31,384 - INFO - スキップ (364/787): IMG_0869.png (既存)
2025-07-12 09:20:31,384 - INFO - スキップ (365/787): IMG_0871.jpeg (既存)
2025-07-12 09:20:31,385 - INFO - スキップ (366/787): 3.jpeg (既存)
2025-07-12 09:20:31,385 - INFO - スキップ (367/787): IMG_0874.jpeg (既存)
2025-07-12 09:20:31,385 - INFO - スキップ (368/787): IMG_0875.jpeg (既存)
2025-07-12 09:20:31,385 - INFO - スキップ (369/787): ifmario-2.png (既存)
2025-07-12 09:20:31,385 - INFO - ダウンロード中 (370/787): if塾パンフ完成版.png
2025-07-12 09:20:32,377 - INFO - 保存完了: public/images/if塾パンフ完成版.png
2025-07-12 09:20:33,379 - INFO - スキップ (371/787): car.png (既存)
2025-07-12 09:20:33,379 - INFO - スキップ (372/787): ifcmsp.mp4 (既存)
2025-07-12 09:20:33,379 - INFO - スキップ (373/787): ifcmSP.mp4 (既存)
2025-07-12 09:20:33,379 - INFO - スキップ (374/787): ifcmpcfull.mp4 (既存)
2025-07-12 09:20:33,379 - INFO - スキップ (375/787): 30.png (既存)
2025-07-12 09:20:33,380 - INFO - スキップ (376/787): 29.png (既存)
2025-07-12 09:20:33,380 - INFO - スキップ (377/787): 2024-05-24-18-40-29.mp4 (既存)
2025-07-12 09:20:33,380 - INFO - スキップ (378/787): 2024-05-24-18-40-41.mp4 (既存)
2025-07-12 09:20:33,380 - INFO - スキップ (379/787): 2024-05-24-18-40-58.mp4 (既存)
2025-07-12 09:20:33,380 - INFO - スキップ (380/787): 2024-05-24-18-41-10.mp4 (既存)
2025-07-12 09:20:33,380 - INFO - スキップ (381/787): 2024-05-24-18-41-35.mp4 (既存)
2025-07-12 09:20:33,380 - INFO - スキップ (382/787): 2024-05-24-18-41-48.mp4 (既存)
2025-07-12 09:20:33,380 - INFO - スキップ (383/787): 2024-05-24-18-42-06.mp4 (既存)
2025-07-12 09:20:33,380 - INFO - スキップ (384/787): 2024-05-24-18-42-20.mp4 (既存)
2025-07-12 09:20:33,380 - INFO - スキップ (385/787): 2024-05-24-18-42-30.mp4 (既存)
2025-07-12 09:20:33,380 - INFO - スキップ (386/787): 2024-05-24-18-42-39.mp4 (既存)
2025-07-12 09:20:33,381 - INFO - スキップ (387/787): 2024-05-24-18-43-25.mp4 (既存)
2025-07-12 09:20:33,381 - INFO - スキップ (388/787): 2024-05-24-18-43-44.mp4 (既存)
2025-07-12 09:20:33,381 - INFO - スキップ (389/787): 2024-05-24-18-40-13.mp4 (既存)
2025-07-12 09:20:33,381 - INFO - スキップ (390/787): 2024-05-24-18-41-23.mp4 (既存)
2025-07-12 09:20:33,381 - INFO - スキップ (391/787): athletic_full.mp4 (既存)
2025-07-12 09:20:33,381 - INFO - スキップ (392/787): 2024-05-14-20-06-21.mp4 (既存)
2025-07-12 09:20:33,381 - INFO - スキップ (393/787): athle109.mp4 (既存)
2025-07-12 09:20:33,381 - INFO - ダウンロード中 (394/787): パイソンAI.png
2025-07-12 09:20:33,485 - INFO - 保存完了: public/images/パイソンAI.png
2025-07-12 09:20:34,489 - INFO - ダウンロード中 (395/787): 志位言語郎.png
2025-07-12 09:20:34,613 - INFO - 保存完了: public/images/志位言語郎.png
2025-07-12 09:20:35,618 - INFO - ダウンロード中 (396/787): 邪馬スグル.png
2025-07-12 09:20:35,729 - INFO - 保存完了: public/images/邪馬スグル.png
2025-07-12 09:20:36,734 - INFO - ダウンロード中 (397/787): 牧.png
2025-07-12 09:20:36,845 - INFO - 保存完了: public/images/牧.png
2025-07-12 09:20:37,849 - INFO - ダウンロード中 (398/787): ゲタバコ.png
2025-07-12 09:20:37,970 - INFO - 保存完了: public/images/ゲタバコ.png
2025-07-12 09:20:38,971 - INFO - スキップ (399/787): ifjukumember.png (既存)
2025-07-12 09:20:38,971 - INFO - スキップ (400/787): Uzmkyama.png (既存)
2025-07-12 09:20:38,971 - INFO - スキップ (401/787): if塾パンフ完成版.pdf (既存)
2025-07-12 09:20:38,972 - INFO - スキップ (402/787): discord-install_04.png (既存)
2025-07-12 09:20:38,972 - INFO - スキップ (403/787): image.webp (既存)
2025-07-12 09:20:38,972 - INFO - スキップ (404/787): image-1.webp (既存)
2025-07-12 09:20:38,973 - INFO - スキップ (405/787): image-2.webp (既存)
2025-07-12 09:20:38,973 - INFO - スキップ (406/787): image.png (既存)
2025-07-12 09:20:38,974 - INFO - スキップ (407/787): image-1.png (既存)
2025-07-12 09:20:38,974 - INFO - スキップ (408/787): image-2.png (既存)
2025-07-12 09:20:38,974 - INFO - スキップ (409/787): image-3.png (既存)
2025-07-12 09:20:38,974 - INFO - スキップ (410/787): image-4.png (既存)
2025-07-12 09:20:38,974 - INFO - スキップ (411/787): image-5.png (既存)
2025-07-12 09:20:38,974 - INFO - スキップ (412/787): image-6.png (既存)
2025-07-12 09:20:38,974 - INFO - スキップ (413/787): 1.png (既存)
2025-07-12 09:20:38,974 - INFO - スキップ (414/787): 2.png (既存)
2025-07-12 09:20:38,974 - INFO - スキップ (415/787): 3.png (既存)
2025-07-12 09:20:38,975 - INFO - スキップ (416/787): minecraftid.jpg (既存)
2025-07-12 09:20:38,975 - INFO - スキップ (417/787): if塾LP.png (既存)
2025-07-12 09:20:38,975 - INFO - スキップ (418/787): ifjukuposter.png (既存)
2025-07-12 09:20:38,975 - INFO - スキップ (419/787): 14.png (既存)
2025-07-12 09:20:38,975 - INFO - スキップ (420/787): c214419052aca1db26a15c8e8dadd-cutout.png (既存)
2025-07-12 09:20:38,975 - INFO - スキップ (421/787): c214419cf3052aca1db26a15c8e8dadcutout.png (既存)
2025-07-12 09:20:38,975 - INFO - スキップ (422/787): c214419052aca1db26a15c8e8dadd-cutout-1.png (既存)
2025-07-12 09:20:38,975 - INFO - スキップ (423/787): c214419cf3052aca1db26a15c8e8dadcutout-1.png (既存)
2025-07-12 09:20:38,975 - INFO - スキップ (424/787): image.png (既存)
2025-07-12 09:20:38,975 - INFO - スキップ (425/787): image-1.png (既存)
2025-07-12 09:20:38,976 - INFO - スキップ (426/787): cutout.png (既存)
2025-07-12 09:20:38,976 - INFO - スキップ (427/787): image-2.png (既存)
2025-07-12 09:20:38,976 - INFO - スキップ (428/787): noname.png (既存)
2025-07-12 09:20:38,976 - INFO - ダウンロード中 (429/787): マイクラLauncher説明.png
2025-07-12 09:20:41,145 - INFO - 保存完了: public/images/マイクラLauncher説明.png
2025-07-12 09:20:42,150 - INFO - スキップ (430/787): image-3.png (既存)
2025-07-12 09:20:42,151 - INFO - スキップ (431/787): image.webp (既存)
2025-07-12 09:20:42,151 - INFO - スキップ (432/787): noname-1.png (既存)
2025-07-12 09:20:42,151 - INFO - スキップ (433/787): 2-1.png (既存)
2025-07-12 09:20:42,152 - INFO - スキップ (434/787): 3-1.png (既存)
2025-07-12 09:20:42,152 - INFO - スキップ (435/787): 4.png (既存)
2025-07-12 09:20:42,152 - INFO - スキップ (436/787): image-4.png (既存)
2025-07-12 09:20:42,152 - INFO - スキップ (437/787): 5.png (既存)
2025-07-12 09:20:42,152 - INFO - スキップ (438/787): 6.png (既存)
2025-07-12 09:20:42,152 - INFO - スキップ (439/787): 7.png (既存)
2025-07-12 09:20:42,152 - INFO - スキップ (440/787): image-5.png (既存)
2025-07-12 09:20:42,152 - INFO - スキップ (441/787): image-6.png (既存)
2025-07-12 09:20:42,153 - INFO - スキップ (442/787): image-7.png (既存)
2025-07-12 09:20:42,153 - INFO - スキップ (443/787): noname-2.png (既存)
2025-07-12 09:20:42,153 - INFO - ダウンロード中 (444/787): Minecraft画像素材.png
2025-07-12 09:20:42,361 - INFO - 保存完了: public/images/Minecraft画像素材.png
2025-07-12 09:20:43,364 - INFO - スキップ (445/787): meyasubako00.png (既存)
2025-07-12 09:20:43,365 - INFO - スキップ (446/787): 1.webp (既存)
2025-07-12 09:20:43,365 - INFO - スキップ (447/787): 3.webp (既存)
2025-07-12 09:20:43,365 - INFO - スキップ (448/787): 2-1-1.png (既存)
2025-07-12 09:20:43,365 - INFO - スキップ (449/787): 5.webp (既存)
2025-07-12 09:20:43,366 - INFO - スキップ (450/787): 7-1.png (既存)
2025-07-12 09:20:43,366 - INFO - ダウンロード中 (451/787): 段落テキストのコピー-1000-x-184-px.png
2025-07-12 09:20:43,536 - INFO - 保存完了: public/images/段落テキストのコピー-1000-x-184-px.png
2025-07-12 09:20:44,541 - INFO - ダウンロード中 (452/787): 段落テキスト-4.png
2025-07-12 09:20:44,676 - INFO - 保存完了: public/images/段落テキスト-4.png
2025-07-12 09:20:45,678 - INFO - ダウンロード中 (453/787): 日本で一番nowい塾-if塾-YouTube.png
2025-07-12 09:20:46,213 - INFO - 保存完了: public/images/日本で一番nowい塾-if塾-YouTube.png
2025-07-12 09:20:47,216 - INFO - ダウンロード中 (454/787): DALL·E-2024-07-29-16.17.54-A-detailed-illustration-of-a-17-year-old-boy-named-Takumi-Yamazaki-with-curly-hair-wearing-an-ochre-colored-hoodie.-He-has-a-round-face-with-narrow-.webp
2025-07-12 09:20:47,581 - INFO - 保存完了: public/images/DALL·E-2024-07-29-16.17.54-A-detailed-illustration-of-a-17-year-old-boy-named-Takumi-Yamazaki-with-curly-hair-wearing-an-ochre-colored-hoodie.-He-has-a-round-face-with-narrow-.webp
2025-07-12 09:20:48,582 - INFO - ダウンロード中 (455/787): DALL·E-2024-07-29-16.21.54-A-detailed-illustration-of-a-17-year-old-boy-named-Takumi-Yamazaki-with-curly-hair-wearing-an-ochre-colored-hoodie.-He-has-a-round-face-with-narrow-.webp
2025-07-12 09:20:48,916 - INFO - 保存完了: public/images/DALL·E-2024-07-29-16.21.54-A-detailed-illustration-of-a-17-year-old-boy-named-Takumi-Yamazaki-with-curly-hair-wearing-an-ochre-colored-hoodie.-He-has-a-round-face-with-narrow-.webp
2025-07-12 09:20:49,918 - INFO - ダウンロード中 (456/787): DALL·E-2024-07-29-16.25.14-A-detailed-illustration-of-a-17-year-old-boy-named-Takumi-Yamazaki-with-curly-hair-wearing-an-ochre-colored-hoodie.-He-has-a-round-face-with-narrow-.webp
2025-07-12 09:20:50,235 - INFO - 保存完了: public/images/DALL·E-2024-07-29-16.25.14-A-detailed-illustration-of-a-17-year-old-boy-named-Takumi-Yamazaki-with-curly-hair-wearing-an-ochre-colored-hoodie.-He-has-a-round-face-with-narrow-.webp
2025-07-12 09:20:51,240 - INFO - ダウンロード中 (457/787): if塾パンフレット.pdf
2025-07-12 09:21:02,480 - INFO - 保存完了: public/if塾パンフレット.pdf
2025-07-12 09:21:03,486 - INFO - ダウンロード中 (458/787): if塾広報チラシ印刷用297-x-210-mm.pdf
2025-07-12 09:21:06,969 - INFO - 保存完了: public/if塾広報チラシ印刷用297-x-210-mm.pdf
2025-07-12 09:21:07,970 - INFO - スキップ (459/787): S__7544951.jpg (既存)
2025-07-12 09:21:07,970 - INFO - スキップ (460/787): S__7544953.jpg (既存)
2025-07-12 09:21:07,971 - INFO - スキップ (461/787): 1.png (既存)
2025-07-12 09:21:07,971 - INFO - スキップ (462/787): 2.png (既存)
2025-07-12 09:21:07,971 - INFO - スキップ (463/787): 3.png (既存)
2025-07-12 09:21:07,971 - INFO - スキップ (464/787): 4.png (既存)
2025-07-12 09:21:07,971 - INFO - スキップ (465/787): 5.png (既存)
2025-07-12 09:21:07,971 - INFO - スキップ (466/787): 6.png (既存)
2025-07-12 09:21:07,971 - INFO - スキップ (467/787): 7.png (既存)
2025-07-12 09:21:07,971 - INFO - スキップ (468/787): 8.png (既存)
2025-07-12 09:21:07,971 - INFO - スキップ (469/787): 9.png (既存)
2025-07-12 09:21:07,971 - INFO - スキップ (470/787): 10.png (既存)
2025-07-12 09:21:07,971 - INFO - スキップ (471/787): 11.png (既存)
2025-07-12 09:21:07,971 - INFO - スキップ (472/787): 12.png (既存)
2025-07-12 09:21:07,972 - INFO - スキップ (473/787): 13.png (既存)
2025-07-12 09:21:07,972 - INFO - スキップ (474/787): 14.png (既存)
2025-07-12 09:21:07,972 - INFO - ダウンロード中 (475/787): 名称未設定のデザイン-7.png
2025-07-12 09:21:08,704 - INFO - 保存完了: public/images/名称未設定のデザイン-7.png
2025-07-12 09:21:09,711 - INFO - ダウンロード中 (476/787): 名称未設定のデザイン-8.png
2025-07-12 09:21:10,474 - INFO - 保存完了: public/images/名称未設定のデザイン-8.png
2025-07-12 09:21:11,478 - INFO - スキップ (477/787): 17.png (既存)
2025-07-12 09:21:11,479 - INFO - スキップ (478/787): 18.png (既存)
2025-07-12 09:21:11,479 - INFO - スキップ (479/787): 19.png (既存)
2025-07-12 09:21:11,479 - INFO - スキップ (480/787): 20.png (既存)
2025-07-12 09:21:11,479 - INFO - スキップ (481/787): 21.png (既存)
2025-07-12 09:21:11,479 - INFO - スキップ (482/787): 22.png (既存)
2025-07-12 09:21:11,479 - INFO - スキップ (483/787): 23.png (既存)
2025-07-12 09:21:11,479 - INFO - スキップ (484/787): 24.png (既存)
2025-07-12 09:21:11,479 - INFO - スキップ (485/787): 25.png (既存)
2025-07-12 09:21:11,479 - INFO - スキップ (486/787): IMG20240522180152-scaled.jpg (既存)
2025-07-12 09:21:11,479 - INFO - スキップ (487/787): IMG_9909-scaled.jpg (既存)
2025-07-12 09:21:11,479 - INFO - スキップ (488/787): IMG_0383-scaled.jpg (既存)
2025-07-12 09:21:11,479 - INFO - スキップ (489/787): IMG_0381-scaled.jpg (既存)
2025-07-12 09:21:11,479 - INFO - スキップ (490/787): 59A4585-scaled.jpg (既存)
2025-07-12 09:21:11,479 - INFO - スキップ (491/787): 59A4540-scaled.jpg (既存)
2025-07-12 09:21:11,479 - INFO - スキップ (492/787): IMG20240915114235-scaled.jpg (既存)
2025-07-12 09:21:11,479 - INFO - スキップ (493/787): IMG_0431-scaled.jpg (既存)
2025-07-12 09:21:11,479 - INFO - スキップ (494/787): IMG20240825103351-scaled.jpg (既存)
2025-07-12 09:21:11,479 - INFO - スキップ (495/787): IMG_20240825_151743-scaled.jpg (既存)
2025-07-12 09:21:11,479 - INFO - ダウンロード中 (496/787): LINE_ALBUM_講演会_241208_9.jpg
2025-07-12 09:21:11,755 - INFO - 保存完了: public/images/LINE_ALBUM_講演会_241208_9.jpg
2025-07-12 09:21:12,760 - INFO - ダウンロード中 (497/787): LINE_ALBUM_講演会_241208_18.jpg
2025-07-12 09:21:13,030 - INFO - 保存完了: public/images/LINE_ALBUM_講演会_241208_18.jpg
2025-07-12 09:21:14,035 - INFO - ダウンロード中 (498/787): LINE_ALBUM_講演会_241208_29.jpg
2025-07-12 09:21:14,308 - INFO - 保存完了: public/images/LINE_ALBUM_講演会_241208_29.jpg
2025-07-12 09:21:15,311 - INFO - ダウンロード中 (499/787): LINE_ALBUM_講演会_241208_34.jpg
2025-07-12 09:21:15,532 - INFO - 保存完了: public/images/LINE_ALBUM_講演会_241208_34.jpg
2025-07-12 09:21:16,536 - INFO - ダウンロード中 (500/787): LINE_ALBUM_講演会_241208_48.jpg
2025-07-12 09:21:16,777 - INFO - 保存完了: public/images/LINE_ALBUM_講演会_241208_48.jpg
2025-07-12 09:21:17,780 - INFO - ダウンロード中 (501/787): LINE_ALBUM_講演会_241208_80.jpg
2025-07-12 09:21:18,090 - INFO - 保存完了: public/images/LINE_ALBUM_講演会_241208_80.jpg
2025-07-12 09:21:19,090 - INFO - ダウンロード中 (502/787): スクリーンショット-2024-12-18-152518.png
2025-07-12 09:21:19,315 - INFO - 保存完了: public/images/スクリーンショット-2024-12-18-152518.png
2025-07-12 09:21:20,316 - INFO - スキップ (503/787): image.png (既存)
2025-07-12 09:21:20,317 - INFO - スキップ (504/787): image-1.png (既存)
2025-07-12 09:21:20,317 - INFO - スキップ (505/787): counseling.webp (既存)
2025-07-12 09:21:20,318 - INFO - スキップ (506/787): heroimg-scaled.jpg (既存)
2025-07-12 09:21:20,318 - INFO - スキップ (507/787): herro-scaled.jpg (既存)
2025-07-12 09:21:20,318 - INFO - スキップ (508/787): logo.png (既存)
2025-07-12 09:21:20,319 - INFO - スキップ (509/787): stevemanga1.png (既存)
2025-07-12 09:21:20,319 - INFO - スキップ (510/787): stevemanga2.png (既存)
2025-07-12 09:21:20,319 - INFO - スキップ (511/787): stevemanga3.png (既存)
2025-07-12 09:21:20,319 - INFO - スキップ (512/787): stevemanga4.png (既存)
2025-07-12 09:21:20,319 - INFO - スキップ (513/787): 1.png (既存)
2025-07-12 09:21:20,320 - INFO - スキップ (514/787): 2.png (既存)
2025-07-12 09:21:20,320 - INFO - スキップ (515/787): 3.png (既存)
2025-07-12 09:21:20,320 - INFO - スキップ (516/787): 4.png (既存)
2025-07-12 09:21:20,320 - INFO - スキップ (517/787): 5.png (既存)
2025-07-12 09:21:20,320 - INFO - スキップ (518/787): 6.png (既存)
2025-07-12 09:21:20,320 - INFO - スキップ (519/787): 7.png (既存)
2025-07-12 09:21:20,320 - INFO - スキップ (520/787): 8.png (既存)
2025-07-12 09:21:20,320 - INFO - スキップ (521/787): 9.png (既存)
2025-07-12 09:21:20,321 - INFO - スキップ (522/787): 10.png (既存)
2025-07-12 09:21:20,321 - INFO - スキップ (523/787): 11.png (既存)
2025-07-12 09:21:20,321 - INFO - スキップ (524/787): 12.png (既存)
2025-07-12 09:21:20,321 - INFO - スキップ (525/787): 13.png (既存)
2025-07-12 09:21:20,321 - INFO - ダウンロード中 (526/787): 名称未設定のデザイン-18.png
2025-07-12 09:21:21,004 - INFO - 保存完了: public/images/名称未設定のデザイン-18.png
2025-07-12 09:21:22,011 - INFO - ダウンロード中 (527/787): 名称未設定のデザイン-18-1.png
2025-07-12 09:21:22,441 - INFO - 保存完了: public/images/名称未設定のデザイン-18-1.png
2025-07-12 09:21:23,444 - INFO - スキップ (528/787): menubg.png (既存)
2025-07-12 09:21:23,444 - INFO - スキップ (529/787): 10-1.png (既存)
2025-07-12 09:21:23,444 - INFO - スキップ (530/787): 11-1.png (既存)
2025-07-12 09:21:23,444 - INFO - スキップ (531/787): 12-1.png (既存)
2025-07-12 09:21:23,444 - INFO - ダウンロード中 (532/787): 名称未設定のデザイン-19.png
2025-07-12 09:21:24,034 - INFO - 保存完了: public/images/名称未設定のデザイン-19.png
2025-07-12 09:21:25,037 - INFO - スキップ (533/787): soratest.gif (既存)
2025-07-12 09:21:25,038 - INFO - スキップ (534/787): SLFast.gif (既存)
2025-07-12 09:21:25,038 - INFO - スキップ (535/787): takumi.png (既存)
2025-07-12 09:21:25,038 - INFO - スキップ (536/787): IMG_9646-scaled.jpg (既存)
2025-07-12 09:21:25,038 - INFO - スキップ (537/787): 120362.jpg (既存)
2025-07-12 09:21:25,038 - INFO - スキップ (538/787): ifcomic1.png (既存)
2025-07-12 09:21:25,038 - INFO - スキップ (539/787): ifcomic2.png (既存)
2025-07-12 09:21:25,038 - INFO - スキップ (540/787): ifcomic3.png (既存)
2025-07-12 09:21:25,038 - INFO - スキップ (541/787): ifcomic4.png (既存)
2025-07-12 09:21:25,039 - INFO - スキップ (542/787): ifcomic5.png (既存)
2025-07-12 09:21:25,039 - INFO - スキップ (543/787): ifcomic6.png (既存)
2025-07-12 09:21:25,039 - INFO - スキップ (544/787): ifcomic7.png (既存)
2025-07-12 09:21:25,039 - INFO - スキップ (545/787): ifcomic8.png (既存)
2025-07-12 09:21:25,039 - INFO - スキップ (546/787): 1.png (既存)
2025-07-12 09:21:25,039 - INFO - スキップ (547/787): 2.png (既存)
2025-07-12 09:21:25,039 - INFO - スキップ (548/787): 3.png (既存)
2025-07-12 09:21:25,039 - INFO - スキップ (549/787): 4.png (既存)
2025-07-12 09:21:25,039 - INFO - スキップ (550/787): 5.png (既存)
2025-07-12 09:21:25,039 - INFO - スキップ (551/787): 6.png (既存)
2025-07-12 09:21:25,039 - INFO - スキップ (552/787): meyasubako1.jpg (既存)
2025-07-12 09:21:25,039 - INFO - スキップ (553/787): meyasubako2.jpg (既存)
2025-07-12 09:21:25,040 - INFO - スキップ (554/787): meyasubako3.jpg (既存)
2025-07-12 09:21:25,040 - INFO - スキップ (555/787): meyasubako4.jpg (既存)
2025-07-12 09:21:25,040 - INFO - スキップ (556/787): meyasubako5.jpg (既存)
2025-07-12 09:21:25,040 - INFO - スキップ (557/787): meyasubako6.jpg (既存)
2025-07-12 09:21:25,040 - INFO - スキップ (558/787): meyasubako7.jpg (既存)
2025-07-12 09:21:25,040 - INFO - ダウンロード中 (559/787): 名称未設定のデザイン-22.png
2025-07-12 09:21:25,639 - INFO - 保存完了: public/images/名称未設定のデザイン-22.png
2025-07-12 09:21:26,644 - INFO - スキップ (560/787): ifcomic9.png (既存)
2025-07-12 09:21:26,644 - INFO - スキップ (561/787): ifcomic10.png (既存)
2025-07-12 09:21:26,645 - INFO - スキップ (562/787): getabako0.png (既存)
2025-07-12 09:21:26,645 - INFO - スキップ (563/787): getabako1.png (既存)
2025-07-12 09:21:26,645 - INFO - スキップ (564/787): scroll1.png (既存)
2025-07-12 09:21:26,645 - INFO - スキップ (565/787): scroll2.png (既存)
2025-07-12 09:21:26,645 - INFO - スキップ (566/787): scroll3.png (既存)
2025-07-12 09:21:26,646 - INFO - スキップ (567/787): scroll4.png (既存)
2025-07-12 09:21:26,646 - INFO - スキップ (568/787): 1-1.png (既存)
2025-07-12 09:21:26,646 - INFO - スキップ (569/787): 2-1.png (既存)
2025-07-12 09:21:26,646 - INFO - スキップ (570/787): 3-1.png (既存)
2025-07-12 09:21:26,646 - INFO - スキップ (571/787): 4-1.png (既存)
2025-07-12 09:21:26,646 - INFO - スキップ (572/787): 5-1.png (既存)
2025-07-12 09:21:26,646 - INFO - スキップ (573/787): 1-2.png (既存)
2025-07-12 09:21:26,646 - INFO - スキップ (574/787): 2-2.png (既存)
2025-07-12 09:21:26,647 - INFO - スキップ (575/787): 3-2.png (既存)
2025-07-12 09:21:26,647 - INFO - スキップ (576/787): 4-2.png (既存)
2025-07-12 09:21:26,647 - INFO - スキップ (577/787): 1-3.png (既存)
2025-07-12 09:21:26,647 - INFO - スキップ (578/787): ifcomicpc1.png (既存)
2025-07-12 09:21:26,647 - INFO - スキップ (579/787): ifcomicpc2.png (既存)
2025-07-12 09:21:26,647 - INFO - スキップ (580/787): ifcomicpc3.png (既存)
2025-07-12 09:21:26,647 - INFO - スキップ (581/787): ifcomicpc4.png (既存)
2025-07-12 09:21:26,647 - INFO - スキップ (582/787): ifcomicpc5.png (既存)
2025-07-12 09:21:26,647 - INFO - スキップ (583/787): ifcomicpc6.png (既存)
2025-07-12 09:21:26,647 - INFO - スキップ (584/787): ifcomicpc8.png (既存)
2025-07-12 09:21:26,647 - INFO - スキップ (585/787): ifcomicpc9.png (既存)
2025-07-12 09:21:26,647 - INFO - スキップ (586/787): ifcomicpc10.png (既存)
2025-07-12 09:21:26,648 - INFO - スキップ (587/787): ifcomicpc11.png (既存)
2025-07-12 09:21:26,648 - INFO - スキップ (588/787): ifcomicpc12.png (既存)
2025-07-12 09:21:26,648 - INFO - スキップ (589/787): ifcomicpc13.png (既存)
2025-07-12 09:21:26,648 - INFO - スキップ (590/787): ifcomicpc14.png (既存)
2025-07-12 09:21:26,648 - INFO - スキップ (591/787): ifcomicsp1.png (既存)
2025-07-12 09:21:26,648 - INFO - スキップ (592/787): ifcomicsp2.png (既存)
2025-07-12 09:21:26,648 - INFO - スキップ (593/787): ifcomicsp3.png (既存)
2025-07-12 09:21:26,648 - INFO - スキップ (594/787): ifcomicsp4.png (既存)
2025-07-12 09:21:26,648 - INFO - スキップ (595/787): ifcomicsp5.png (既存)
2025-07-12 09:21:26,648 - INFO - スキップ (596/787): ifcomicsp6.png (既存)
2025-07-12 09:21:26,648 - INFO - スキップ (597/787): ifcomicsp7.png (既存)
2025-07-12 09:21:26,648 - INFO - スキップ (598/787): ifcomicsp8.png (既存)
2025-07-12 09:21:26,649 - INFO - スキップ (599/787): ifcomicsp9.png (既存)
2025-07-12 09:21:26,649 - INFO - スキップ (600/787): ifcomicsp10.png (既存)
2025-07-12 09:21:26,649 - INFO - スキップ (601/787): ifcomicsp11.png (既存)
2025-07-12 09:21:26,649 - INFO - スキップ (602/787): ifcomicsp12.png (既存)
2025-07-12 09:21:26,649 - INFO - スキップ (603/787): ifcomicsp13.png (既存)
2025-07-12 09:21:26,649 - INFO - スキップ (604/787): ifcomicsp14.png (既存)
2025-07-12 09:21:26,649 - INFO - スキップ (605/787): ifcomicsp15.png (既存)
2025-07-12 09:21:26,649 - INFO - スキップ (606/787): ifcomicsp16.png (既存)
2025-07-12 09:21:26,649 - INFO - スキップ (607/787): ifcomicsp17.png (既存)
2025-07-12 09:21:26,649 - INFO - スキップ (608/787): ifcomicsp18.png (既存)
2025-07-12 09:21:26,649 - INFO - スキップ (609/787): ifcomicsp19.png (既存)
2025-07-12 09:21:26,649 - INFO - スキップ (610/787): ifcomicsp20.png (既存)
2025-07-12 09:21:26,649 - INFO - スキップ (611/787): ifcomicsp21.png (既存)
2025-07-12 09:21:26,649 - INFO - スキップ (612/787): ideal1.png (既存)
2025-07-12 09:21:26,649 - INFO - スキップ (613/787): ideal2.png (既存)
2025-07-12 09:21:26,649 - INFO - スキップ (614/787): ideal3.png (既存)
2025-07-12 09:21:26,649 - INFO - スキップ (615/787): quest1.png (既存)
2025-07-12 09:21:26,649 - INFO - スキップ (616/787): quest2.png (既存)
2025-07-12 09:21:26,649 - INFO - スキップ (617/787): quest3.png (既存)
2025-07-12 09:21:26,649 - INFO - スキップ (618/787): quest4.png (既存)
2025-07-12 09:21:26,649 - INFO - スキップ (619/787): quest5.png (既存)
2025-07-12 09:21:26,649 - INFO - スキップ (620/787): quest6.png (既存)
2025-07-12 09:21:26,649 - INFO - スキップ (621/787): getabakosquare.png (既存)
2025-07-12 09:21:26,650 - INFO - スキップ (622/787): flow_pc.png (既存)
2025-07-12 09:21:26,650 - INFO - スキップ (623/787): flow_sp.png (既存)
2025-07-12 09:21:26,650 - INFO - ダウンロード中 (624/787): 能動的に学ぶ.png
2025-07-12 09:21:29,213 - INFO - 保存完了: public/images/能動的に学ぶ.png
2025-07-12 09:21:30,218 - INFO - ダウンロード中 (625/787): 名称未設定のデザイン-34.png
2025-07-12 09:21:31,946 - INFO - 保存完了: public/images/名称未設定のデザイン-34.png
2025-07-12 09:21:32,949 - INFO - スキップ (626/787): ifcomicpc7.png (既存)
2025-07-12 09:21:32,950 - INFO - ダウンロード中 (627/787): コントローラーpc.png
2025-07-12 09:21:33,999 - INFO - 保存完了: public/images/コントローラーpc.png
2025-07-12 09:21:35,003 - INFO - ダウンロード中 (628/787): コントローラーsp.png
2025-07-12 09:21:35,579 - INFO - 保存完了: public/images/コントローラーsp.png
2025-07-12 09:21:36,585 - INFO - スキップ (629/787): ifmvpc.mp4 (既存)
2025-07-12 09:21:36,585 - INFO - スキップ (630/787): ifmvpc2.mp4 (既存)
2025-07-12 09:21:36,585 - INFO - ダウンロード中 (631/787): if塾概要sp-1.png
2025-07-12 09:21:37,453 - INFO - 保存完了: public/images/if塾概要sp-1.png
2025-07-12 09:21:38,458 - INFO - ダウンロード中 (632/787): if塾横スクロールPC.png
2025-07-12 09:21:39,231 - INFO - 保存完了: public/images/if塾横スクロールPC.png
2025-07-12 09:21:40,236 - INFO - ダウンロード中 (633/787): ifmvsp-1.mp4
2025-07-12 09:22:06,967 - INFO - 保存完了: public/videos/ifmvsp-1.mp4
2025-07-12 09:22:07,970 - INFO - ダウンロード中 (634/787): ifmv2.mp4
2025-07-12 09:22:43,794 - INFO - 保存完了: public/videos/ifmv2.mp4
2025-07-12 09:22:44,800 - INFO - スキップ (635/787): 1-4.png (既存)
2025-07-12 09:22:44,801 - INFO - スキップ (636/787): A_40-year-old_Japanese_woman_with_a_mental_disabil-1745978829594.png (既存)
2025-07-12 09:22:44,801 - INFO - スキップ (637/787): In_a_room_filled_with_a_diverse_collection_of_hobb-1745978750480.png (既存)
2025-07-12 09:22:44,801 - INFO - ダウンロード中 (638/787): A_Japanese_high_school_boy_enjoying_video_games_in-1745978668042.png
2025-07-12 09:22:45,584 - INFO - 保存完了: public/images/A_Japanese_high_school_boy_enjoying_video_games_in-1745978668042.png
2025-07-12 09:22:46,585 - INFO - ダウンロード中 (639/787): A_lively_and_serene_park_scene_where_individuals_w-1745979143533-scaled.png
2025-07-12 09:22:48,393 - INFO - 保存完了: public/images/A_lively_and_serene_park_scene_where_individuals_w-1745979143533-scaled.png
2025-07-12 09:22:49,399 - INFO - ダウンロード中 (640/787): kensyu1.png
2025-07-12 09:22:51,053 - INFO - 保存完了: public/images/kensyu1.png
2025-07-12 09:22:52,058 - INFO - ダウンロード中 (641/787): kensyu2.png
2025-07-12 09:22:52,937 - INFO - 保存完了: public/images/kensyu2.png
2025-07-12 09:22:53,943 - INFO - ダウンロード中 (642/787): kensyu3.png
2025-07-12 09:22:54,681 - INFO - 保存完了: public/images/kensyu3.png
2025-07-12 09:22:55,686 - INFO - ダウンロード中 (643/787): kensyu4.png
2025-07-12 09:22:56,725 - INFO - 保存完了: public/images/kensyu4.png
2025-07-12 09:22:57,730 - INFO - ダウンロード中 (644/787): kensyu5.png
2025-07-12 09:22:59,031 - INFO - 保存完了: public/images/kensyu5.png
2025-07-12 09:23:00,036 - INFO - ダウンロード中 (645/787): kensyu6.png
2025-07-12 09:23:01,184 - INFO - 保存完了: public/images/kensyu6.png
2025-07-12 09:23:02,189 - INFO - ダウンロード中 (646/787): kensyu7.png
2025-07-12 09:23:02,943 - INFO - 保存完了: public/images/kensyu7.png
2025-07-12 09:23:03,945 - INFO - ダウンロード中 (647/787): kensyu8.png
2025-07-12 09:23:04,653 - INFO - 保存完了: public/images/kensyu8.png
2025-07-12 09:23:05,657 - INFO - ダウンロード中 (648/787): kensyu9.png
2025-07-12 09:23:06,293 - INFO - 保存完了: public/images/kensyu9.png
2025-07-12 09:23:07,298 - INFO - スキップ (649/787): kensyu10.png (既存)
2025-07-12 09:23:07,299 - INFO - ダウンロード中 (650/787): kensyu11.png
2025-07-12 09:23:08,203 - INFO - 保存完了: public/images/kensyu11.png
2025-07-12 09:23:09,205 - INFO - ダウンロード中 (651/787): kensyu12.png
2025-07-12 09:23:10,068 - INFO - 保存完了: public/images/kensyu12.png
2025-07-12 09:23:11,071 - INFO - スキップ (652/787): kensyu13.png (既存)
2025-07-12 09:23:11,071 - INFO - ダウンロード中 (653/787): kensyu14.png
2025-07-12 09:23:11,698 - INFO - 保存完了: public/images/kensyu14.png
2025-07-12 09:23:12,703 - INFO - スキップ (654/787): kensyu15.png (既存)
2025-07-12 09:23:12,703 - INFO - ダウンロード中 (655/787): kensyu16.png
2025-07-12 09:23:13,574 - INFO - 保存完了: public/images/kensyu16.png
2025-07-12 09:23:14,579 - INFO - ダウンロード中 (656/787): kensyu17.png
2025-07-12 09:23:16,251 - INFO - 保存完了: public/images/kensyu17.png
2025-07-12 09:23:17,253 - INFO - ダウンロード中 (657/787): kensyu18.png
2025-07-12 09:23:18,727 - INFO - 保存完了: public/images/kensyu18.png
2025-07-12 09:23:19,733 - INFO - ダウンロード中 (658/787): kensyu19.png
2025-07-12 09:23:20,658 - INFO - 保存完了: public/images/kensyu19.png
2025-07-12 09:23:21,663 - INFO - ダウンロード中 (659/787): kensyu20.png
2025-07-12 09:23:22,497 - INFO - 保存完了: public/images/kensyu20.png
2025-07-12 09:23:23,502 - INFO - ダウンロード中 (660/787): A_surreal_oil_painting_inspired_by_Ren_Magritte_s-1749546386005.png
2025-07-12 09:23:24,958 - INFO - 保存完了: public/images/A_surreal_oil_painting_inspired_by_Ren_Magritte_s-1749546386005.png
2025-07-12 09:23:25,963 - INFO - ダウンロード中 (661/787): Anime_style_illustration_of_a_man_experiencing_sen-1749546409939.png
2025-07-12 09:23:27,254 - INFO - 保存完了: public/images/Anime_style_illustration_of_a_man_experiencing_sen-1749546409939.png
2025-07-12 09:23:28,259 - INFO - ダウンロード中 (662/787): A_detailed_illustration_in_realistic_Seinen_anime_-1749546424361.png
2025-07-12 09:23:29,543 - INFO - 保存完了: public/images/A_detailed_illustration_in_realistic_Seinen_anime_-1749546424361.png
2025-07-12 09:23:30,548 - INFO - ダウンロード中 (663/787): Anime_style_illustration_of_a_friendly_man_sitting-1749546400830.png
2025-07-12 09:23:31,405 - INFO - 保存完了: public/images/Anime_style_illustration_of_a_friendly_man_sitting-1749546400830.png
2025-07-12 09:23:32,410 - INFO - ダウンロード中 (664/787): yuduki1.png
2025-07-12 09:23:33,072 - INFO - 保存完了: public/images/yuduki1.png
2025-07-12 09:23:34,077 - INFO - ダウンロード中 (665/787): yuduki2.png
2025-07-12 09:23:34,809 - INFO - 保存完了: public/images/yuduki2.png
2025-07-12 09:23:35,813 - INFO - スキップ (666/787): yuduki3.png (既存)
2025-07-12 09:23:35,813 - INFO - ダウンロード中 (667/787): yuduki4.png
2025-07-12 09:23:36,507 - INFO - 保存完了: public/images/yuduki4.png
2025-07-12 09:23:37,509 - INFO - スキップ (668/787): yuduki5.png (既存)
2025-07-12 09:23:37,509 - INFO - ダウンロード中 (669/787): yuduki6.png
2025-07-12 09:23:38,227 - INFO - 保存完了: public/images/yuduki6.png
2025-07-12 09:23:39,227 - INFO - スキップ (670/787): yuduki7.png (既存)
2025-07-12 09:23:39,228 - INFO - ダウンロード中 (671/787): tech1.png
2025-07-12 09:23:40,140 - INFO - 保存完了: public/images/tech1.png
2025-07-12 09:23:41,145 - INFO - スキップ (672/787): tech2.png (既存)
2025-07-12 09:23:41,145 - INFO - ダウンロード中 (673/787): yuduki8.png
2025-07-12 09:23:41,964 - INFO - 保存完了: public/images/yuduki8.png
2025-07-12 09:23:42,969 - INFO - スキップ (674/787): tech3.png (既存)
2025-07-12 09:23:42,970 - INFO - ダウンロード中 (675/787): tech4.png
2025-07-12 09:23:43,658 - INFO - 保存完了: public/images/tech4.png
2025-07-12 09:23:44,661 - INFO - スキップ (676/787): tech5.png (既存)
2025-07-12 09:23:44,661 - INFO - ダウンロード中 (677/787): tech6.png
2025-07-12 09:23:45,229 - INFO - 保存完了: public/images/tech6.png
2025-07-12 09:23:46,233 - INFO - スキップ (678/787): tech7.png (既存)
2025-07-12 09:23:46,233 - INFO - ダウンロード中 (679/787): tech8.png
2025-07-12 09:23:46,905 - INFO - 保存完了: public/images/tech8.png
2025-07-12 09:23:47,906 - INFO - ダウンロード中 (680/787): tech9.png
2025-07-12 09:23:48,706 - INFO - 保存完了: public/images/tech9.png
2025-07-12 09:23:49,712 - INFO - ダウンロード中 (681/787): tech10.png
2025-07-12 09:23:50,490 - INFO - 保存完了: public/images/tech10.png
2025-07-12 09:23:51,493 - INFO - ダウンロード中 (682/787): tech11.png
2025-07-12 09:23:52,321 - INFO - 保存完了: public/images/tech11.png
2025-07-12 09:23:53,325 - INFO - ダウンロード中 (683/787): tech12.png
2025-07-12 09:23:53,974 - INFO - 保存完了: public/images/tech12.png
2025-07-12 09:23:54,980 - INFO - ダウンロード中 (684/787): tech13.png
2025-07-12 09:23:55,638 - INFO - 保存完了: public/images/tech13.png
2025-07-12 09:23:56,642 - INFO - ダウンロード中 (685/787): tech14.png
2025-07-12 09:23:57,311 - INFO - 保存完了: public/images/tech14.png
2025-07-12 09:23:58,313 - INFO - ダウンロード中 (686/787): tech15.png
2025-07-12 09:23:58,818 - INFO - 保存完了: public/images/tech15.png
2025-07-12 09:23:59,823 - INFO - ダウンロード中 (687/787): tech16.png
2025-07-12 09:24:00,520 - INFO - 保存完了: public/images/tech16.png
2025-07-12 09:24:01,525 - INFO - ダウンロード中 (688/787): tech17.png
2025-07-12 09:24:02,315 - INFO - 保存完了: public/images/tech17.png
2025-07-12 09:24:03,316 - INFO - ダウンロード中 (689/787): tech18.png
2025-07-12 09:24:03,885 - INFO - 保存完了: public/images/tech18.png
2025-07-12 09:24:04,888 - INFO - ダウンロード中 (690/787): tech19.png
2025-07-12 09:24:05,784 - INFO - 保存完了: public/images/tech19.png
2025-07-12 09:24:06,790 - INFO - ダウンロード中 (691/787): tech20.png
2025-07-12 09:24:07,503 - INFO - 保存完了: public/images/tech20.png
2025-07-12 09:24:08,508 - INFO - ダウンロード中 (692/787): tech21.png
2025-07-12 09:24:09,384 - INFO - 保存完了: public/images/tech21.png
2025-07-12 09:24:10,387 - INFO - ダウンロード中 (693/787): tech22.png
2025-07-12 09:24:11,024 - INFO - 保存完了: public/images/tech22.png
2025-07-12 09:24:12,026 - INFO - ダウンロード中 (694/787): tech23.png
2025-07-12 09:24:12,735 - INFO - 保存完了: public/images/tech23.png
2025-07-12 09:24:13,740 - INFO - ダウンロード中 (695/787): tech24.png
2025-07-12 09:24:14,324 - INFO - 保存完了: public/images/tech24.png
2025-07-12 09:24:15,329 - INFO - ダウンロード中 (696/787): tech25.png
2025-07-12 09:24:15,996 - INFO - 保存完了: public/images/tech25.png
2025-07-12 09:24:17,001 - INFO - ダウンロード中 (697/787): tech26.png
2025-07-12 09:24:17,821 - INFO - 保存完了: public/images/tech26.png
2025-07-12 09:24:18,826 - INFO - ダウンロード中 (698/787): yuduki9.png
2025-07-12 09:24:19,469 - INFO - 保存完了: public/images/yuduki9.png
2025-07-12 09:24:20,474 - INFO - ダウンロード中 (699/787): tech27.png
2025-07-12 09:24:21,172 - INFO - 保存完了: public/images/tech27.png
2025-07-12 09:24:22,178 - INFO - ダウンロード中 (700/787): tech28.png
2025-07-12 09:24:24,632 - INFO - 保存完了: public/images/tech28.png
2025-07-12 09:24:25,636 - INFO - スキップ (701/787): tech29.png (既存)
2025-07-12 09:24:25,636 - INFO - ダウンロード中 (702/787): tech30.png
2025-07-12 09:24:26,122 - INFO - 保存完了: public/images/tech30.png
2025-07-12 09:24:27,127 - INFO - ダウンロード中 (703/787): tech31.png
2025-07-12 09:24:27,841 - INFO - 保存完了: public/images/tech31.png
2025-07-12 09:24:28,842 - INFO - ダウンロード中 (704/787): tech32.png
2025-07-12 09:24:29,407 - INFO - 保存完了: public/images/tech32.png
2025-07-12 09:24:30,410 - INFO - ダウンロード中 (705/787): tech33.png
2025-07-12 09:24:31,422 - INFO - 保存完了: public/images/tech33.png
2025-07-12 09:24:32,427 - INFO - ダウンロード中 (706/787): tech34.png
2025-07-12 09:24:33,809 - INFO - 保存完了: public/images/tech34.png
2025-07-12 09:24:34,812 - INFO - ダウンロード中 (707/787): tech35.png
2025-07-12 09:24:35,826 - INFO - 保存完了: public/images/tech35.png
2025-07-12 09:24:36,826 - INFO - スキップ (708/787): tech36.png (既存)
2025-07-12 09:24:36,827 - INFO - ダウンロード中 (709/787): yuduki10.png
2025-07-12 09:24:37,646 - INFO - 保存完了: public/images/yuduki10.png
2025-07-12 09:24:38,649 - INFO - ダウンロード中 (710/787): yuduki11.png
2025-07-12 09:24:39,699 - INFO - 保存完了: public/images/yuduki11.png
2025-07-12 09:24:40,704 - INFO - ダウンロード中 (711/787): tech37.png
2025-07-12 09:24:41,312 - INFO - 保存完了: public/images/tech37.png
2025-07-12 09:24:42,317 - INFO - スキップ (712/787): tech38.png (既存)
2025-07-12 09:24:42,317 - INFO - ダウンロード中 (713/787): tech39.png
2025-07-12 09:24:43,306 - INFO - 保存完了: public/images/tech39.png
2025-07-12 09:24:44,309 - INFO - ダウンロード中 (714/787): tech40.png
2025-07-12 09:24:45,101 - INFO - 保存完了: public/images/tech40.png
2025-07-12 09:24:46,107 - INFO - スキップ (715/787): yuduki1-1.png (既存)
2025-07-12 09:24:46,107 - INFO - ダウンロード中 (716/787): yukou1.png
2025-07-12 09:24:47,325 - INFO - 保存完了: public/images/yukou1.png
2025-07-12 09:24:48,331 - INFO - ダウンロード中 (717/787): yukou2.png
2025-07-12 09:24:49,321 - INFO - 保存完了: public/images/yukou2.png
2025-07-12 09:24:50,325 - INFO - ダウンロード中 (718/787): yukou3.png
2025-07-12 09:24:51,007 - INFO - 保存完了: public/images/yukou3.png
2025-07-12 09:24:52,012 - INFO - ダウンロード中 (719/787): yukou5.png
2025-07-12 09:24:52,716 - INFO - 保存完了: public/images/yukou5.png
2025-07-12 09:24:53,721 - INFO - ダウンロード中 (720/787): yukou6.png
2025-07-12 09:24:54,347 - INFO - 保存完了: public/images/yukou6.png
2025-07-12 09:24:55,353 - INFO - ダウンロード中 (721/787): yukou7.png
2025-07-12 09:24:55,990 - INFO - 保存完了: public/images/yukou7.png
2025-07-12 09:24:56,995 - INFO - ダウンロード中 (722/787): yukou8.png
2025-07-12 09:24:57,550 - INFO - 保存完了: public/images/yukou8.png
2025-07-12 09:24:58,554 - INFO - ダウンロード中 (723/787): haru1.png
2025-07-12 09:24:59,552 - INFO - 保存完了: public/images/haru1.png
2025-07-12 09:25:00,557 - INFO - ダウンロード中 (724/787): haru2.png
2025-07-12 09:25:01,344 - INFO - 保存完了: public/images/haru2.png
2025-07-12 09:25:02,350 - INFO - ダウンロード中 (725/787): yukou9.png
2025-07-12 09:25:02,856 - INFO - 保存完了: public/images/yukou9.png
2025-07-12 09:25:03,861 - INFO - ダウンロード中 (726/787): haru4.png
2025-07-12 09:25:04,677 - INFO - 保存完了: public/images/haru4.png
2025-07-12 09:25:05,680 - INFO - ダウンロード中 (727/787): yukou10.png
2025-07-12 09:25:06,516 - INFO - 保存完了: public/images/yukou10.png
2025-07-12 09:25:07,521 - INFO - ダウンロード中 (728/787): yukou4.png
2025-07-12 09:25:08,120 - INFO - 保存完了: public/images/yukou4.png
2025-07-12 09:25:09,125 - INFO - スキップ (729/787): haru5.png (既存)
2025-07-12 09:25:09,125 - INFO - ダウンロード中 (730/787): haru7.png
2025-07-12 09:25:09,718 - INFO - 保存完了: public/images/haru7.png
2025-07-12 09:25:10,721 - INFO - ダウンロード中 (731/787): haru6.png
2025-07-12 09:25:11,475 - INFO - 保存完了: public/images/haru6.png
2025-07-12 09:25:12,477 - INFO - ダウンロード中 (732/787): haru3.png
2025-07-12 09:25:13,444 - INFO - 保存完了: public/images/haru3.png
2025-07-12 09:25:14,450 - INFO - ダウンロード中 (733/787): 0.png
2025-07-12 09:25:15,247 - INFO - 保存完了: public/images/0.png
2025-07-12 09:25:16,253 - INFO - スキップ (734/787): 1.png (既存)
2025-07-12 09:25:16,253 - INFO - スキップ (735/787): 2.png (既存)
2025-07-12 09:25:16,253 - INFO - スキップ (736/787): 3.png (既存)
2025-07-12 09:25:16,253 - INFO - スキップ (737/787): 4.png (既存)
2025-07-12 09:25:16,254 - INFO - スキップ (738/787): 5.png (既存)
2025-07-12 09:25:16,254 - INFO - スキップ (739/787): 6.png (既存)
2025-07-12 09:25:16,254 - INFO - スキップ (740/787): 7.png (既存)
2025-07-12 09:25:16,254 - INFO - スキップ (741/787): 8.png (既存)
2025-07-12 09:25:16,254 - INFO - スキップ (742/787): 9.png (既存)
2025-07-12 09:25:16,254 - INFO - スキップ (743/787): 10.png (既存)
2025-07-12 09:25:16,255 - INFO - スキップ (744/787): 11.png (既存)
2025-07-12 09:25:16,255 - INFO - スキップ (745/787): 12.png (既存)
2025-07-12 09:25:16,255 - INFO - スキップ (746/787): 13.png (既存)
2025-07-12 09:25:16,255 - INFO - スキップ (747/787): 14.png (既存)
2025-07-12 09:25:16,256 - INFO - ダウンロード中 (748/787): 15.png
2025-07-12 09:25:17,059 - INFO - 保存完了: public/images/15.png
2025-07-12 09:25:18,064 - INFO - ダウンロード中 (749/787): 16.png
2025-07-12 09:25:19,171 - INFO - 保存完了: public/images/16.png
2025-07-12 09:25:20,176 - INFO - スキップ (750/787): 1.jpg (既存)
2025-07-12 09:25:20,177 - INFO - ダウンロード中 (751/787): 2.jpg
2025-07-12 09:25:20,455 - INFO - 保存完了: public/images/2.jpg
2025-07-12 09:25:21,460 - INFO - スキップ (752/787): 3.jpg (既存)
2025-07-12 09:25:21,460 - INFO - ダウンロード中 (753/787): 4.jpg
2025-07-12 09:25:21,733 - INFO - 保存完了: public/images/4.jpg
2025-07-12 09:25:22,736 - INFO - スキップ (754/787): 5.jpg (既存)
2025-07-12 09:25:22,736 - INFO - ダウンロード中 (755/787): 6.jpg
2025-07-12 09:25:23,163 - INFO - 保存完了: public/images/6.jpg
2025-07-12 09:25:24,167 - INFO - スキップ (756/787): 7.jpg (既存)
2025-07-12 09:25:24,167 - INFO - ダウンロード中 (757/787): 8.jpg
2025-07-12 09:25:24,470 - INFO - 保存完了: public/images/8.jpg
2025-07-12 09:25:25,476 - INFO - スキップ (758/787): 9.jpg (既存)
2025-07-12 09:25:25,476 - INFO - ダウンロード中 (759/787): hu1.png
2025-07-12 09:25:28,186 - INFO - 保存完了: public/images/hu1.png
2025-07-12 09:25:29,192 - INFO - ダウンロード中 (760/787): hu2.png
2025-07-12 09:25:30,283 - INFO - 保存完了: public/images/hu2.png
2025-07-12 09:25:31,286 - INFO - ダウンロード中 (761/787): hu3.png
2025-07-12 09:25:32,275 - INFO - 保存完了: public/images/hu3.png
2025-07-12 09:25:33,276 - INFO - ダウンロード中 (762/787): hu4.png
2025-07-12 09:25:34,391 - INFO - 保存完了: public/images/hu4.png
2025-07-12 09:25:35,398 - INFO - ダウンロード中 (763/787): hu5.png
2025-07-12 09:25:38,558 - INFO - 保存完了: public/images/hu5.png
2025-07-12 09:25:39,562 - INFO - ダウンロード中 (764/787): hu6.png
2025-07-12 09:25:41,358 - INFO - 保存完了: public/images/hu6.png
2025-07-12 09:25:42,364 - INFO - ダウンロード中 (765/787): hu7.png
2025-07-12 09:25:43,545 - INFO - 保存完了: public/images/hu7.png
2025-07-12 09:25:44,551 - INFO - ダウンロード中 (766/787): hu8.png
2025-07-12 09:25:45,429 - INFO - 保存完了: public/images/hu8.png
2025-07-12 09:25:46,434 - INFO - ダウンロード中 (767/787): hu9.png
2025-07-12 09:25:47,296 - INFO - 保存完了: public/images/hu9.png
2025-07-12 09:25:48,299 - INFO - ダウンロード中 (768/787): hu10.png
2025-07-12 09:25:49,067 - INFO - 保存完了: public/images/hu10.png
2025-07-12 09:25:50,069 - INFO - ダウンロード中 (769/787): hu11.png
2025-07-12 09:25:50,910 - INFO - 保存完了: public/images/hu11.png
2025-07-12 09:25:51,912 - INFO - ダウンロード中 (770/787): hu12.png
2025-07-12 09:25:52,890 - INFO - 保存完了: public/images/hu12.png
2025-07-12 09:25:53,893 - INFO - ダウンロード中 (771/787): hu13.png
2025-07-12 09:25:54,799 - INFO - 保存完了: public/images/hu13.png
2025-07-12 09:25:55,805 - INFO - ダウンロード中 (772/787): vedi1.png
2025-07-12 09:25:56,885 - INFO - 保存完了: public/images/vedi1.png
2025-07-12 09:25:57,891 - INFO - ダウンロード中 (773/787): vedi2.png
2025-07-12 09:25:58,304 - INFO - 保存完了: public/images/vedi2.png
2025-07-12 09:25:59,307 - INFO - ダウンロード中 (774/787): vedi3.png
2025-07-12 09:26:00,165 - INFO - 保存完了: public/images/vedi3.png
2025-07-12 09:26:01,170 - INFO - ダウンロード中 (775/787): vedi4.png
2025-07-12 09:26:02,125 - INFO - 保存完了: public/images/vedi4.png
2025-07-12 09:26:03,129 - INFO - ダウンロード中 (776/787): vedi5.png
2025-07-12 09:26:04,187 - INFO - 保存完了: public/images/vedi5.png
2025-07-12 09:26:05,191 - INFO - ダウンロード中 (777/787): vedi6.png
2025-07-12 09:26:06,325 - INFO - 保存完了: public/images/vedi6.png
2025-07-12 09:26:07,329 - INFO - ダウンロード中 (778/787): vedi7.png
2025-07-12 09:26:08,394 - INFO - 保存完了: public/images/vedi7.png
2025-07-12 09:26:09,400 - INFO - ダウンロード中 (779/787): vedi8.png
2025-07-12 09:26:10,227 - INFO - 保存完了: public/images/vedi8.png
2025-07-12 09:26:11,232 - INFO - ダウンロード中 (780/787): vedi9.png
2025-07-12 09:26:12,291 - INFO - 保存完了: public/images/vedi9.png
2025-07-12 09:26:13,296 - INFO - ダウンロード中 (781/787): vedi10.png
2025-07-12 09:26:14,245 - INFO - 保存完了: public/images/vedi10.png
2025-07-12 09:26:15,250 - INFO - ダウンロード中 (782/787): slider1.jpg
2025-07-12 09:26:15,547 - INFO - 保存完了: public/images/slider1.jpg
2025-07-12 09:26:16,551 - INFO - スキップ (783/787): slider2.jpg (既存)
2025-07-12 09:26:16,551 - INFO - ダウンロード中 (784/787): slider3.jpg
2025-07-12 09:26:16,774 - INFO - 保存完了: public/images/slider3.jpg
2025-07-12 09:26:17,781 - INFO - スキップ (785/787): slider4.jpg (既存)
2025-07-12 09:26:17,783 - INFO - スキップ (786/787): kitazuna.mp4 (既存)
2025-07-12 09:26:17,783 - INFO - スキップ (787/787): ifbusiness.mp4 (既存)
2025-07-12 09:26:17,783 - INFO - === ダウンロード完了 ===
2025-07-12 09:26:17,783 - INFO - 総ファイル数: 787
2025-07-12 09:26:17,783 - INFO - 成功: 787
2025-07-12 09:26:17,783 - INFO - 失敗: 0
